#
# There is insufficient memory for the Java Runtime Environment to continue.
# Native memory allocation (malloc) failed to allocate 50736 bytes. Error detail: Chunk::new
# Possible reasons:
#   The system is out of physical RAM or swap space
#   This process is running with CompressedOops enabled, and the Java Heap may be blocking the growth of the native heap
# Possible solutions:
#   Reduce memory load on the system
#   Increase physical memory or swap space
#   Check if swap backing store is full
#   Decrease Java heap size (-Xmx/-Xms)
#   Decrease number of Java threads
#   Decrease Java thread stack sizes (-Xss)
#   Set larger code cache with -XX:ReservedCodeCacheSize=
#   JVM is running with Unscaled Compressed Oops mode in which the Java heap is
#     placed in the first 4GB address space. The Java Heap base address is the
#     maximum limit for the native heap growth. Please use -XX:HeapBaseMinAddress
#     to set the Java Heap base and to place the Java Heap above 4GB virtual address.
# This output file may be truncated or incomplete.
#
#  Out of Memory Error (arena.cpp:168), pid=13664, tid=36672
#
# JRE version: OpenJDK Runtime Environment Temurin-21.0.7+6 (21.0.7+6) (build 21.0.7+6-LTS)
# Java VM: OpenJDK 64-Bit Server VM Temurin-21.0.7+6 (21.0.7+6-LTS, mixed mode, sharing, tiered, compressed oops, compressed class ptrs, parallel gc, windows-amd64)
# No core dump will be written. Minidumps are not enabled by default on client versions of Windows
#

---------------  S U M M A R Y ------------

Command Line: --add-modules=ALL-SYSTEM --add-opens=java.base/java.util=ALL-UNNAMED --add-opens=java.base/java.lang=ALL-UNNAMED --add-opens=java.base/sun.nio.fs=ALL-UNNAMED -Declipse.application=org.eclipse.jdt.ls.core.id1 -Dosgi.bundles.defaultStartLevel=4 -Declipse.product=org.eclipse.jdt.ls.core.product -Djava.import.generatesMetadataFilesAtProjectRoot=false -DDetectVMInstallationsJob.disabled=true -Dfile.encoding=utf8 -XX:+UseParallelGC -XX:GCTimeRatio=4 -XX:AdaptiveSizePolicyWeight=90 -Dsun.zip.disableMemoryMapping=true -Xmx2G -Xms100m -Xlog:disable -javaagent:c:\Users\akash sen\.vscode\extensions\redhat.java-1.43.1-win32-x64\lombok\lombok-1.18.39-4050.jar c:\Users\akash sen\.vscode\extensions\redhat.java-1.43.1-win32-x64\server\plugins\org.eclipse.equinox.launcher_1.7.0.v20250519-0528.jar -configuration c:\Users\akash sen\AppData\Roaming\Code\User\globalStorage\redhat.java\1.43.1\config_ss_win -data c:\Users\akash sen\AppData\Roaming\Code\User\workspaceStorage\9eed6be392607e9ccd44ab1b1a46ccb0\redhat.java\ss_ws --pipe=\\.\pipe\lsp-d9b5cafab8bcb34cb715ed3998e31f78-sock

Host: Intel(R) Core(TM) i3-8145U CPU @ 2.10GHz, 4 cores, 3G,  Windows 10 , 64 bit Build 19041 (10.0.19041.5915)
Time: Fri Aug  1 01:22:29 2025 India Standard Time elapsed time: 1.419660 seconds (0d 0h 0m 1s)

---------------  T H R E A D  ---------------

Current thread (0x000002733d6f3ae0):  JavaThread "C2 CompilerThread0" daemon [_thread_in_native, id=36672, stack(0x000000f77a300000,0x000000f77a400000) (1024K)]


Current CompileTask:
C2:1419  641       4       lombok.patcher.scripts.MethodLevelPatchScript::patch (21 bytes)

Stack: [0x000000f77a300000,0x000000f77a400000]
Native frames: (J=compiled Java code, j=interpreted, Vv=VM code, C=native code)
V  [jvm.dll+0x6ce119]
V  [jvm.dll+0x8a84a1]
V  [jvm.dll+0x8aa9ce]
V  [jvm.dll+0x8ab0b3]
V  [jvm.dll+0x27f8a6]
V  [jvm.dll+0xc507d]
V  [jvm.dll+0xc55b3]
V  [jvm.dll+0x5d7359]
V  [jvm.dll+0x382ad4]
V  [jvm.dll+0x381f0a]
V  [jvm.dll+0x247af0]
V  [jvm.dll+0x2470cf]
V  [jvm.dll+0x1c760e]
V  [jvm.dll+0x25695a]
V  [jvm.dll+0x254efa]
V  [jvm.dll+0x3f03f6]
V  [jvm.dll+0x851f6b]
V  [jvm.dll+0x6cc7dd]
C  [ucrtbase.dll+0x21bb2]
C  [KERNEL32.DLL+0x17374]
C  [ntdll.dll+0x4cc91]


---------------  P R O C E S S  ---------------

Threads class SMR info:
_java_thread_list=0x000002739a26f9a0, length=11, elements={
0x000002733d800300, 0x000002733d6e98e0, 0x000002733d6eb7f0, 0x000002733d6ed780,
0x000002733d6ee690, 0x000002733d6f2260, 0x000002733d6f2cb0, 0x000002733d6f3ae0,
0x000002733d7671c0, 0x000002733d86d2c0, 0x000002739a1d2310
}

Java Threads: ( => current thread )
  0x000002733d800300 JavaThread "main"                              [_thread_in_vm, id=30224, stack(0x000000f779900000,0x000000f779a00000) (1024K)]
  0x000002733d6e98e0 JavaThread "Reference Handler"          daemon [_thread_blocked, id=24384, stack(0x000000f779d00000,0x000000f779e00000) (1024K)]
  0x000002733d6eb7f0 JavaThread "Finalizer"                  daemon [_thread_blocked, id=44588, stack(0x000000f779e00000,0x000000f779f00000) (1024K)]
  0x000002733d6ed780 JavaThread "Signal Dispatcher"          daemon [_thread_blocked, id=8, stack(0x000000f779f00000,0x000000f77a000000) (1024K)]
  0x000002733d6ee690 JavaThread "Attach Listener"            daemon [_thread_blocked, id=25548, stack(0x000000f77a000000,0x000000f77a100000) (1024K)]
  0x000002733d6f2260 JavaThread "Service Thread"             daemon [_thread_blocked, id=29020, stack(0x000000f77a100000,0x000000f77a200000) (1024K)]
  0x000002733d6f2cb0 JavaThread "Monitor Deflation Thread"   daemon [_thread_blocked, id=3128, stack(0x000000f77a200000,0x000000f77a300000) (1024K)]
=>0x000002733d6f3ae0 JavaThread "C2 CompilerThread0"         daemon [_thread_in_native, id=36672, stack(0x000000f77a300000,0x000000f77a400000) (1024K)]
  0x000002733d7671c0 JavaThread "C1 CompilerThread0"         daemon [_thread_blocked, id=26472, stack(0x000000f77a400000,0x000000f77a500000) (1024K)]
  0x000002733d86d2c0 JavaThread "Common-Cleaner"             daemon [_thread_blocked, id=47748, stack(0x000000f77a500000,0x000000f77a600000) (1024K)]
  0x000002739a1d2310 JavaThread "Notification Thread"        daemon [_thread_blocked, id=31324, stack(0x000000f77a600000,0x000000f77a700000) (1024K)]
Total: 11

Other Threads:
  0x000002733d6deaf0 VMThread "VM Thread"                           [id=31748, stack(0x000000f779c00000,0x000000f779d00000) (1024K)] _threads_hazard_ptr=0x000002739a26f9a0
  0x000002733d86bb30 WatcherThread "VM Periodic Task Thread"        [id=27936, stack(0x000000f779b00000,0x000000f779c00000) (1024K)]
  0x000002733d81eb50 WorkerThread "GC Thread#0"                     [id=25684, stack(0x000000f779a00000,0x000000f779b00000) (1024K)]
Total: 3

Threads with active compile tasks:
C2 CompilerThread0  1464  641       4       lombok.patcher.scripts.MethodLevelPatchScript::patch (21 bytes)
Total: 1

VM state: synchronizing (normal execution)

VM Mutex/Monitor currently owned by a thread:  ([mutex/lock_event])
[0x00007ffc8432e308] Threads_lock - owner thread: 0x000002733d6deaf0

Heap address: 0x0000000080000000, size: 2048 MB, Compressed Oops mode: 32-bit

CDS archive(s) mapped at: [0x0000027355000000-0x0000027355ba0000-0x0000027355ba0000), size 12189696, SharedBaseAddress: 0x0000027355000000, ArchiveRelocationMode: 1.
Compressed class space mapped at: 0x0000027356000000-0x0000027396000000, reserved size: 1073741824
Narrow klass base: 0x0000027355000000, Narrow klass shift: 0, Narrow klass range: 0x100000000

GC Precious Log:
 CardTable entry size: 512
 CPUs: 4 total, 4 available
 Memory: 3872M
 Large Page Support: Disabled
 NUMA Support: Disabled
 Compressed Oops: Enabled (32-bit)
 Alignments: Space 512K, Generation 512K, Heap 2M
 Heap Min Capacity: 100M
 Heap Initial Capacity: 100M
 Heap Max Capacity: 2G
 Pre-touch: Disabled
 Parallel Workers: 4

Heap:
 PSYoungGen      total 29696K, used 12943K [0x00000000d5580000, 0x00000000d7680000, 0x0000000100000000)
  eden space 25600K, 50% used [0x00000000d5580000,0x00000000d6223e30,0x00000000d6e80000)
  from space 4096K, 0% used [0x00000000d7280000,0x00000000d7280000,0x00000000d7680000)
  to   space 4096K, 0% used [0x00000000d6e80000,0x00000000d6e80000,0x00000000d7280000)
 ParOldGen       total 68608K, used 0K [0x0000000080000000, 0x0000000084300000, 0x00000000d5580000)
  object space 68608K, 0% used [0x0000000080000000,0x0000000080000000,0x0000000084300000)
 Metaspace       used 2256K, committed 2432K, reserved 1114112K
  class space    used 220K, committed 320K, reserved 1048576K

Card table byte_map: [0x000002733d1b0000,0x000002733d5c0000] _byte_map_base: 0x000002733cdb0000

Marking Bits: (ParMarkBitMap*) 0x00007ffc843331f0
 Begin Bits: [0x000002734fcb0000, 0x0000027351cb0000)
 End Bits:   [0x0000027351cb0000, 0x0000027353cb0000)

Polling page: 0x000002733b6a0000

Metaspace:

Usage:
  Non-class:      1.99 MB used.
      Class:    220.23 KB used.
       Both:      2.20 MB used.

Virtual space:
  Non-class space:       64.00 MB reserved,       2.06 MB (  3%) committed,  1 nodes.
      Class space:        1.00 GB reserved,     320.00 KB ( <1%) committed,  1 nodes.
             Both:        1.06 GB reserved,       2.38 MB ( <1%) committed. 

Chunk freelists:
   Non-Class:  11.65 MB
       Class:  15.67 MB
        Both:  27.32 MB

MaxMetaspaceSize: unlimited
CompressedClassSpaceSize: 1.00 GB
Initial GC threshold: 21.00 MB
Current GC threshold: 21.00 MB
CDS: on
 - commit_granule_bytes: 65536.
 - commit_granule_words: 8192.
 - virtual_space_node_default_size: 8388608.
 - enlarge_chunks_in_place: 1.
 - use_allocation_guard: 0.


Internal statistics:

num_allocs_failed_limit: 0.
num_arena_births: 80.
num_arena_deaths: 0.
num_vsnodes_births: 2.
num_vsnodes_deaths: 0.
num_space_committed: 38.
num_space_uncommitted: 0.
num_chunks_returned_to_freelist: 0.
num_chunks_taken_from_freelist: 102.
num_chunk_merges: 0.
num_chunk_splits: 71.
num_chunks_enlarged: 46.
num_inconsistent_stats: 0.

CodeHeap 'non-profiled nmethods': size=120000Kb used=246Kb max_used=246Kb free=119753Kb
 bounds [0x00000273484d0000, 0x0000027348740000, 0x000002734fa00000]
CodeHeap 'profiled nmethods': size=120000Kb used=981Kb max_used=981Kb free=119018Kb
 bounds [0x0000027340a00000, 0x0000027340c70000, 0x0000027347f30000]
CodeHeap 'non-nmethods': size=5760Kb used=1173Kb max_used=1190Kb free=4586Kb
 bounds [0x0000027347f30000, 0x00000273481a0000, 0x00000273484d0000]
 total_blobs=1087 nmethods=660 adapters=334
 compilation: enabled
              stopped_count=0, restarted_count=0
 full_count=0

Compilation events (20 events):
Event: 1.351 Thread 0x000002733d7671c0  656       3       java.util.LinkedHashMap::linkNodeAtEnd (76 bytes)
Event: 1.351 Thread 0x000002733d7671c0 nmethod 656 0x0000027340af1e90 code [0x0000027340af2040, 0x0000027340af2350]
Event: 1.351 Thread 0x000002733d7671c0  657       1       java.math.BigInteger::signum (5 bytes)
Event: 1.351 Thread 0x000002733d7671c0 nmethod 657 0x000002734850c810 code [0x000002734850c9a0, 0x000002734850ca68]
Event: 1.351 Thread 0x000002733d7671c0  659   !   3       sun.instrument.TransformerManager::transform (100 bytes)
Event: 1.352 Thread 0x000002733d7671c0 nmethod 659 0x0000027340af2490 code [0x0000027340af2660, 0x0000027340af2af0]
Event: 1.352 Thread 0x000002733d7671c0  658       3       sun.instrument.InstrumentationImpl::transform (73 bytes)
Event: 1.352 Thread 0x000002733d7671c0 nmethod 658 0x0000027340af2d90 code [0x0000027340af2f60, 0x0000027340af32d8]
Event: 1.353 Thread 0x000002733d7671c0  660       3       lombok.eclipse.agent.EclipsePatcher$1::shouldTransform (107 bytes)
Event: 1.354 Thread 0x000002733d7671c0 nmethod 660 0x0000027340af3490 code [0x0000027340af37a0, 0x0000027340af4618]
Event: 1.357 Thread 0x000002733d7671c0  661       3       java.util.regex.Pattern::isSupplementary (21 bytes)
Event: 1.357 Thread 0x000002733d7671c0 nmethod 661 0x0000027340af4b10 code [0x0000027340af4cc0, 0x0000027340af4f18]
Event: 1.358 Thread 0x000002733d6f3ae0 nmethod 650 0x000002734850cb10 code [0x000002734850cca0, 0x000002734850cfb0]
Event: 1.358 Thread 0x000002733d6f3ae0  645       4       java.lang.CharacterDataLatin1::digit (32 bytes)
Event: 1.358 Thread 0x000002733d7671c0  662       3       java.util.regex.Pattern::peek (26 bytes)
Event: 1.359 Thread 0x000002733d7671c0 nmethod 662 0x0000027340af5010 code [0x0000027340af51c0, 0x0000027340af5418]
Event: 1.359 Thread 0x000002733d6f3ae0 nmethod 645 0x000002734850d110 code [0x000002734850d2a0, 0x000002734850d3c8]
Event: 1.359 Thread 0x000002733d6f3ae0  647       4       java.lang.Character::digit (6 bytes)
Event: 1.360 Thread 0x000002733d6f3ae0 nmethod 647 0x000002734850d510 code [0x000002734850d6a0, 0x000002734850d7e0]
Event: 1.360 Thread 0x000002733d6f3ae0  641       4       lombok.patcher.scripts.MethodLevelPatchScript::patch (21 bytes)

GC Heap History (0 events):
No events

Dll operation events (8 events):
Event: 0.065 Loaded shared library c:\Users\akash sen\.vscode\extensions\redhat.java-1.43.1-win32-x64\jre\21.0.7-win32-x86_64\bin\java.dll
Event: 0.278 Loaded shared library c:\Users\akash sen\.vscode\extensions\redhat.java-1.43.1-win32-x64\jre\21.0.7-win32-x86_64\bin\zip.dll
Event: 0.327 Loaded shared library C:\Users\akash sen\.vscode\extensions\redhat.java-1.43.1-win32-x64\jre\21.0.7-win32-x86_64\bin\instrument.dll
Event: 0.339 Loaded shared library C:\Users\akash sen\.vscode\extensions\redhat.java-1.43.1-win32-x64\jre\21.0.7-win32-x86_64\bin\net.dll
Event: 0.350 Loaded shared library C:\Users\akash sen\.vscode\extensions\redhat.java-1.43.1-win32-x64\jre\21.0.7-win32-x86_64\bin\nio.dll
Event: 0.357 Loaded shared library C:\Users\akash sen\.vscode\extensions\redhat.java-1.43.1-win32-x64\jre\21.0.7-win32-x86_64\bin\zip.dll
Event: 0.398 Loaded shared library C:\Users\akash sen\.vscode\extensions\redhat.java-1.43.1-win32-x64\jre\21.0.7-win32-x86_64\bin\jimage.dll
Event: 0.563 Loaded shared library c:\Users\akash sen\.vscode\extensions\redhat.java-1.43.1-win32-x64\jre\21.0.7-win32-x86_64\bin\verify.dll

Deoptimization events (20 events):
Event: 0.761 Thread 0x000002733d800300 DEOPT PACKING pc=0x0000027340a3697f sp=0x000000f7799fa780
Event: 0.761 Thread 0x000002733d800300 DEOPT UNPACKING pc=0x0000027347f84242 sp=0x000000f7799f9c30 mode 0
Event: 0.764 Thread 0x000002733d800300 DEOPT PACKING pc=0x0000027340a36a58 sp=0x000000f7799f9750
Event: 0.765 Thread 0x000002733d800300 DEOPT UNPACKING pc=0x0000027347f84242 sp=0x000000f7799f8c10 mode 0
Event: 0.766 Thread 0x000002733d800300 DEOPT PACKING pc=0x0000027340a3697f sp=0x000000f7799f9750
Event: 0.766 Thread 0x000002733d800300 DEOPT UNPACKING pc=0x0000027347f84242 sp=0x000000f7799f8c00 mode 0
Event: 0.939 Thread 0x000002733d800300 DEOPT PACKING pc=0x0000027340a36a58 sp=0x000000f7799fadb0
Event: 0.939 Thread 0x000002733d800300 DEOPT UNPACKING pc=0x0000027347f84242 sp=0x000000f7799fa270 mode 0
Event: 0.943 Thread 0x000002733d800300 DEOPT PACKING pc=0x0000027340a36a58 sp=0x000000f7799fb190
Event: 0.943 Thread 0x000002733d800300 DEOPT UNPACKING pc=0x0000027347f84242 sp=0x000000f7799fa650 mode 0
Event: 0.952 Thread 0x000002733d800300 DEOPT PACKING pc=0x0000027340a36a11 sp=0x000000f7799fb920
Event: 0.952 Thread 0x000002733d800300 DEOPT UNPACKING pc=0x0000027347f84242 sp=0x000000f7799fade0 mode 0
Event: 1.229 Thread 0x000002733d800300 Uncommon trap: trap_request=0xffffff45 fr.pc=0x0000027348503a04 relative=0x0000000000000164
Event: 1.229 Thread 0x000002733d800300 Uncommon trap: reason=unstable_if action=reinterpret pc=0x0000027348503a04 method=jdk.internal.util.ArraysSupport.vectorizedHashCode(Ljava/lang/Object;IIII)I @ 2 c2
Event: 1.229 Thread 0x000002733d800300 DEOPT PACKING pc=0x0000027348503a04 sp=0x000000f7799fcc80
Event: 1.229 Thread 0x000002733d800300 DEOPT UNPACKING pc=0x0000027347f83aa2 sp=0x000000f7799fcc30 mode 2
Event: 1.257 Thread 0x000002733d800300 Uncommon trap: trap_request=0xffffff45 fr.pc=0x00000273484f41e0 relative=0x00000000000000c0
Event: 1.257 Thread 0x000002733d800300 Uncommon trap: reason=unstable_if action=reinterpret pc=0x00000273484f41e0 method=java.net.URI.match(CJJ)Z @ 45 c2
Event: 1.257 Thread 0x000002733d800300 DEOPT PACKING pc=0x00000273484f41e0 sp=0x000000f7799fcf20
Event: 1.257 Thread 0x000002733d800300 DEOPT UNPACKING pc=0x0000027347f83aa2 sp=0x000000f7799fce88 mode 2

Classes loaded (20 events):
Event: 1.351 Loading class java/util/LinkedHashMap$LinkedValues
Event: 1.352 Loading class java/util/LinkedHashMap$LinkedValues done
Event: 1.352 Loading class java/util/StringTokenizer
Event: 1.355 Loading class java/util/StringTokenizer done
Event: 1.355 Loading class sun/security/util/DisabledAlgorithmConstraints$KeySizeConstraint
Event: 1.355 Loading class sun/security/util/DisabledAlgorithmConstraints$Constraint
Event: 1.355 Loading class sun/security/util/DisabledAlgorithmConstraints$Constraint done
Event: 1.355 Loading class sun/security/util/DisabledAlgorithmConstraints$KeySizeConstraint done
Event: 1.356 Loading class sun/security/util/DisabledAlgorithmConstraints$Constraint$Operator
Event: 1.356 Loading class sun/security/util/DisabledAlgorithmConstraints$Constraint$Operator done
Event: 1.356 Loading class sun/security/util/DisabledAlgorithmConstraints$DisabledConstraint
Event: 1.356 Loading class sun/security/util/DisabledAlgorithmConstraints$DisabledConstraint done
Event: 1.356 Loading class sun/security/util/DisabledAlgorithmConstraints$Constraints$Holder
Event: 1.357 Loading class sun/security/util/DisabledAlgorithmConstraints$Constraints$Holder done
Event: 1.359 Loading class java/util/regex/Pattern$BnM
Event: 1.359 Loading class java/util/regex/Pattern$BnM done
Event: 1.359 Loading class java/util/regex/Pattern$SliceS
Event: 1.359 Loading class java/util/regex/Pattern$SliceS done
Event: 1.359 Loading class sun/security/util/DisabledAlgorithmConstraints$DenyAfterConstraint
Event: 1.395 Loading class sun/security/util/DisabledAlgorithmConstraints$DenyAfterConstraint done

Classes unloaded (0 events):
No events

Classes redefined (0 events):
No events

Internal exceptions (12 events):
Event: 0.253 Thread 0x000002733d800300 Exception <a 'java/lang/NoSuchMethodError'{0x00000000d57aa318}: 'void java.lang.invoke.DirectMethodHandle$Holder.invokeStatic(java.lang.Object, java.lang.Object, java.lang.Object)'> (0x00000000d57aa318) 
thrown [s\src\hotspot\share\interpreter\linkResolver.cpp, line 773]
Event: 0.383 Thread 0x000002733d800300 Exception <a 'java/lang/NoSuchMethodError'{0x00000000d5913e58}: 'java.lang.Object java.lang.invoke.Invokers$Holder.invokeExact_MT(java.lang.Object, java.lang.Object, java.lang.Object, java.lang.Object, java.lang.Object)'> (0x00000000d5913e58) 
thrown [s\src\hotspot\share\interpreter\linkResolver.cpp, line 773]
Event: 0.487 Thread 0x000002733d800300 Exception <a 'java/lang/NoSuchMethodError'{0x00000000d59ceea8}: 'int java.lang.invoke.DirectMethodHandle$Holder.invokeSpecial(java.lang.Object, java.lang.Object, java.lang.Object, int)'> (0x00000000d59ceea8) 
thrown [s\src\hotspot\share\interpreter\linkResolver.cpp, line 773]
Event: 0.491 Thread 0x000002733d800300 Exception <a 'java/lang/NoSuchMethodError'{0x00000000d59e1890}: 'java.lang.Object java.lang.invoke.DirectMethodHandle$Holder.invokeStatic(java.lang.Object, java.lang.Object, java.lang.Object, java.lang.Object, int)'> (0x00000000d59e1890) 
thrown [s\src\hotspot\share\interpreter\linkResolver.cpp, line 773]
Event: 0.493 Thread 0x000002733d800300 Exception <a 'java/lang/NoSuchMethodError'{0x00000000d59ece78}: 'void java.lang.invoke.DelegatingMethodHandle$Holder.reinvoke_L(java.lang.Object, java.lang.Object, java.lang.Object, int, java.lang.Object)'> (0x00000000d59ece78) 
thrown [s\src\hotspot\share\interpreter\linkResolver.cpp, line 773]
Event: 0.494 Thread 0x000002733d800300 Exception <a 'java/lang/NoSuchMethodError'{0x00000000d59f08b0}: 'int java.lang.invoke.DirectMethodHandle$Holder.invokeSpecial(java.lang.Object, java.lang.Object, java.lang.Object)'> (0x00000000d59f08b0) 
thrown [s\src\hotspot\share\interpreter\linkResolver.cpp, line 773]
Event: 0.502 Thread 0x000002733d800300 Exception <a 'java/lang/NoSuchMethodError'{0x00000000d5a095a0}: 'java.lang.Object java.lang.invoke.DirectMethodHandle$Holder.invokeStatic(java.lang.Object, java.lang.Object, int)'> (0x00000000d5a095a0) 
thrown [s\src\hotspot\share\interpreter\linkResolver.cpp, line 773]
Event: 0.503 Thread 0x000002733d800300 Exception <a 'java/lang/NoSuchMethodError'{0x00000000d5a0def0}: 'void java.lang.invoke.DirectMethodHandle$Holder.invokeStatic(java.lang.Object, java.lang.Object, int, java.lang.Object)'> (0x00000000d5a0def0) 
thrown [s\src\hotspot\share\interpreter\linkResolver.cpp, line 773]
Event: 0.505 Thread 0x000002733d800300 Exception <a 'java/lang/NoSuchMethodError'{0x00000000d5a11cc8}: 'void java.lang.invoke.DirectMethodHandle$Holder.invokeSpecial(java.lang.Object, java.lang.Object, java.lang.Object, int, java.lang.Object)'> (0x00000000d5a11cc8) 
thrown [s\src\hotspot\share\interpreter\linkResolver.cpp, line 773]
Event: 0.505 Thread 0x000002733d800300 Exception <a 'java/lang/NoSuchMethodError'{0x00000000d5a15138}: 'void java.lang.invoke.DelegatingMethodHandle$Holder.delegate(java.lang.Object, java.lang.Object, int, java.lang.Object)'> (0x00000000d5a15138) 
thrown [s\src\hotspot\share\interpreter\linkResolver.cpp, line 773]
Event: 0.609 Thread 0x000002733d800300 Exception <a 'java/lang/NoSuchMethodError'{0x00000000d5be2940}: 'void java.lang.invoke.DelegatingMethodHandle$Holder.reinvoke_L(java.lang.Object, java.lang.Object, java.lang.Object, int)'> (0x00000000d5be2940) 
thrown [s\src\hotspot\share\interpreter\linkResolver.cpp, line 773]
Event: 1.201 Thread 0x000002733d800300 Exception <a 'java/lang/NoSuchMethodError'{0x00000000d607cb28}: 'void java.lang.invoke.DirectMethodHandle$Holder.invokeVirtual(java.lang.Object, java.lang.Object)'> (0x00000000d607cb28) 
thrown [s\src\hotspot\share\interpreter\linkResolver.cpp, line 773]

ZGC Phase Switch (0 events):
No events

VM Operations (4 events):
Event: 0.274 Executing VM operation: HandshakeAllThreads (Deoptimize)
Event: 0.274 Executing VM operation: HandshakeAllThreads (Deoptimize) done
Event: 0.447 Executing VM operation: HandshakeAllThreads (Deoptimize)
Event: 0.448 Executing VM operation: HandshakeAllThreads (Deoptimize) done

Memory protections (0 events):
No events

Nmethod flushes (0 events):
No events

Events (11 events):
Event: 0.105 Thread 0x000002733d800300 Thread added: 0x000002733d800300
Event: 0.145 Thread 0x000002733d800300 Thread added: 0x000002733d6e98e0
Event: 0.146 Thread 0x000002733d800300 Thread added: 0x000002733d6eb7f0
Event: 0.146 Thread 0x000002733d800300 Thread added: 0x000002733d6ed780
Event: 0.146 Thread 0x000002733d800300 Thread added: 0x000002733d6ee690
Event: 0.146 Thread 0x000002733d800300 Thread added: 0x000002733d6f2260
Event: 0.147 Thread 0x000002733d800300 Thread added: 0x000002733d6f2cb0
Event: 0.147 Thread 0x000002733d800300 Thread added: 0x000002733d6f3ae0
Event: 0.150 Thread 0x000002733d800300 Thread added: 0x000002733d7671c0
Event: 0.196 Thread 0x000002733d800300 Thread added: 0x000002733d86d2c0
Event: 0.727 Thread 0x000002733d800300 Thread added: 0x000002739a1d2310


Dynamic libraries:
0x00007ff742b30000 - 0x00007ff742b3e000 	c:\Users\akash sen\.vscode\extensions\redhat.java-1.43.1-win32-x64\jre\21.0.7-win32-x86_64\bin\java.exe
0x00007ffcce230000 - 0x00007ffcce428000 	C:\WINDOWS\SYSTEM32\ntdll.dll
0x00007ffccc9b0000 - 0x00007ffccca72000 	C:\WINDOWS\System32\KERNEL32.DLL
0x00007ffccba70000 - 0x00007ffccbd66000 	C:\WINDOWS\System32\KERNELBASE.dll
0x00007ffccb970000 - 0x00007ffccba70000 	C:\WINDOWS\System32\ucrtbase.dll
0x00007ffcc4b40000 - 0x00007ffcc4b58000 	c:\Users\akash sen\.vscode\extensions\redhat.java-1.43.1-win32-x64\jre\21.0.7-win32-x86_64\bin\jli.dll
0x00007ffccc3e0000 - 0x00007ffccc57d000 	C:\WINDOWS\System32\USER32.dll
0x00007ffccbf80000 - 0x00007ffccbfa2000 	C:\WINDOWS\System32\win32u.dll
0x00007ffcce0f0000 - 0x00007ffcce11b000 	C:\WINDOWS\System32\GDI32.dll
0x00007ffccbdc0000 - 0x00007ffccbed9000 	C:\WINDOWS\System32\gdi32full.dll
0x00007ffccbee0000 - 0x00007ffccbf7d000 	C:\WINDOWS\System32\msvcp_win.dll
0x00007ffcc4640000 - 0x00007ffcc465e000 	c:\Users\akash sen\.vscode\extensions\redhat.java-1.43.1-win32-x64\jre\21.0.7-win32-x86_64\bin\VCRUNTIME140.dll
0x00007ffcb4630000 - 0x00007ffcb48ca000 	C:\WINDOWS\WinSxS\amd64_microsoft.windows.common-controls_6595b64144ccf1df_6.0.19041.5915_none_60b4b9d171f9c7c7\COMCTL32.dll
0x00007ffccd1c0000 - 0x00007ffccd25e000 	C:\WINDOWS\System32\msvcrt.dll
0x00007ffccc3b0000 - 0x00007ffccc3df000 	C:\WINDOWS\System32\IMM32.DLL
0x00007ffcc88a0000 - 0x00007ffcc88ac000 	c:\Users\akash sen\.vscode\extensions\redhat.java-1.43.1-win32-x64\jre\21.0.7-win32-x86_64\bin\vcruntime140_1.dll
0x00007ffc9ee50000 - 0x00007ffc9eedd000 	c:\Users\akash sen\.vscode\extensions\redhat.java-1.43.1-win32-x64\jre\21.0.7-win32-x86_64\bin\msvcp140.dll
0x00007ffc83680000 - 0x00007ffc84410000 	c:\Users\akash sen\.vscode\extensions\redhat.java-1.43.1-win32-x64\jre\21.0.7-win32-x86_64\bin\server\jvm.dll
0x00007ffccca80000 - 0x00007ffcccb31000 	C:\WINDOWS\System32\ADVAPI32.dll
0x00007ffccc260000 - 0x00007ffccc2ff000 	C:\WINDOWS\System32\sechost.dll
0x00007ffccc880000 - 0x00007ffccc9a3000 	C:\WINDOWS\System32\RPCRT4.dll
0x00007ffccb940000 - 0x00007ffccb967000 	C:\WINDOWS\System32\bcrypt.dll
0x00007ffccd260000 - 0x00007ffccd2cb000 	C:\WINDOWS\System32\WS2_32.dll
0x00007ffccb600000 - 0x00007ffccb64b000 	C:\WINDOWS\SYSTEM32\POWRPROF.dll
0x00007ffcb4c00000 - 0x00007ffcb4c27000 	C:\WINDOWS\SYSTEM32\WINMM.dll
0x00007ffcc1310000 - 0x00007ffcc131a000 	C:\WINDOWS\SYSTEM32\VERSION.dll
0x00007ffccb430000 - 0x00007ffccb442000 	C:\WINDOWS\SYSTEM32\UMPDC.dll
0x00007ffcca0a0000 - 0x00007ffcca0b2000 	C:\WINDOWS\SYSTEM32\kernel.appcore.dll
0x00007ffcc4300000 - 0x00007ffcc430a000 	c:\Users\akash sen\.vscode\extensions\redhat.java-1.43.1-win32-x64\jre\21.0.7-win32-x86_64\bin\jimage.dll
0x00007ffcc9d10000 - 0x00007ffcc9f11000 	C:\WINDOWS\SYSTEM32\DBGHELP.DLL
0x00007ffcac6a0000 - 0x00007ffcac6d4000 	C:\WINDOWS\SYSTEM32\dbgcore.DLL
0x00007ffccc1c0000 - 0x00007ffccc242000 	C:\WINDOWS\System32\bcryptPrimitives.dll
0x00007ffcc42f0000 - 0x00007ffcc42ff000 	c:\Users\akash sen\.vscode\extensions\redhat.java-1.43.1-win32-x64\jre\21.0.7-win32-x86_64\bin\instrument.dll
0x00007ffcc30f0000 - 0x00007ffcc310f000 	c:\Users\akash sen\.vscode\extensions\redhat.java-1.43.1-win32-x64\jre\21.0.7-win32-x86_64\bin\java.dll
0x00007ffccd770000 - 0x00007ffccdede000 	C:\WINDOWS\System32\SHELL32.dll
0x00007ffcc9440000 - 0x00007ffcc9be4000 	C:\WINDOWS\SYSTEM32\windows.storage.dll
0x00007ffcccc60000 - 0x00007ffcccfb3000 	C:\WINDOWS\System32\combase.dll
0x00007ffccb280000 - 0x00007ffccb2ab000 	C:\WINDOWS\SYSTEM32\Wldp.dll
0x00007ffcce120000 - 0x00007ffcce1ed000 	C:\WINDOWS\System32\OLEAUT32.dll
0x00007ffccc300000 - 0x00007ffccc3ad000 	C:\WINDOWS\System32\SHCORE.dll
0x00007ffccc820000 - 0x00007ffccc87b000 	C:\WINDOWS\System32\shlwapi.dll
0x00007ffccb7f0000 - 0x00007ffccb814000 	C:\WINDOWS\SYSTEM32\profapi.dll
0x00007ffcbb810000 - 0x00007ffcbb828000 	c:\Users\akash sen\.vscode\extensions\redhat.java-1.43.1-win32-x64\jre\21.0.7-win32-x86_64\bin\zip.dll
0x00007ffcc42e0000 - 0x00007ffcc42f0000 	C:\Users\akash sen\.vscode\extensions\redhat.java-1.43.1-win32-x64\jre\21.0.7-win32-x86_64\bin\net.dll
0x00007ffcc5e10000 - 0x00007ffcc5f1a000 	C:\WINDOWS\SYSTEM32\WINHTTP.dll
0x00007ffccafe0000 - 0x00007ffccb04a000 	C:\WINDOWS\system32\mswsock.dll
0x00007ffcba070000 - 0x00007ffcba086000 	C:\Users\akash sen\.vscode\extensions\redhat.java-1.43.1-win32-x64\jre\21.0.7-win32-x86_64\bin\nio.dll
0x00007ffcc2a90000 - 0x00007ffcc2aa0000 	c:\Users\akash sen\.vscode\extensions\redhat.java-1.43.1-win32-x64\jre\21.0.7-win32-x86_64\bin\verify.dll

dbghelp: loaded successfully - version: 4.0.5 - missing functions: none
symbol engine: initialized successfully - sym options: 0x614 - pdb path: .;c:\Users\akash sen\.vscode\extensions\redhat.java-1.43.1-win32-x64\jre\21.0.7-win32-x86_64\bin;C:\WINDOWS\SYSTEM32;C:\WINDOWS\WinSxS\amd64_microsoft.windows.common-controls_6595b64144ccf1df_6.0.19041.5915_none_60b4b9d171f9c7c7;c:\Users\akash sen\.vscode\extensions\redhat.java-1.43.1-win32-x64\jre\21.0.7-win32-x86_64\bin\server

VM Arguments:
jvm_args: --add-modules=ALL-SYSTEM --add-opens=java.base/java.util=ALL-UNNAMED --add-opens=java.base/java.lang=ALL-UNNAMED --add-opens=java.base/sun.nio.fs=ALL-UNNAMED -Declipse.application=org.eclipse.jdt.ls.core.id1 -Dosgi.bundles.defaultStartLevel=4 -Declipse.product=org.eclipse.jdt.ls.core.product -Djava.import.generatesMetadataFilesAtProjectRoot=false -DDetectVMInstallationsJob.disabled=true -Dfile.encoding=utf8 -XX:+UseParallelGC -XX:GCTimeRatio=4 -XX:AdaptiveSizePolicyWeight=90 -Dsun.zip.disableMemoryMapping=true -Xmx2G -Xms100m -Xlog:disable -javaagent:c:\Users\akash sen\.vscode\extensions\redhat.java-1.43.1-win32-x64\lombok\lombok-1.18.39-4050.jar 
java_command: c:\Users\akash sen\.vscode\extensions\redhat.java-1.43.1-win32-x64\server\plugins\org.eclipse.equinox.launcher_1.7.0.v20250519-0528.jar -configuration c:\Users\akash sen\AppData\Roaming\Code\User\globalStorage\redhat.java\1.43.1\config_ss_win -data c:\Users\akash sen\AppData\Roaming\Code\User\workspaceStorage\9eed6be392607e9ccd44ab1b1a46ccb0\redhat.java\ss_ws --pipe=\\.\pipe\lsp-d9b5cafab8bcb34cb715ed3998e31f78-sock
java_class_path (initial): c:\Users\akash sen\.vscode\extensions\redhat.java-1.43.1-win32-x64\server\plugins\org.eclipse.equinox.launcher_1.7.0.v20250519-0528.jar
Launcher Type: SUN_STANDARD

[Global flags]
    uintx AdaptiveSizePolicyWeight                 = 90                                        {product} {command line}
     intx CICompilerCount                          = 3                                         {product} {ergonomic}
    uintx GCTimeRatio                              = 4                                         {product} {command line}
   size_t InitialHeapSize                          = 104857600                                 {product} {command line}
   size_t MaxHeapSize                              = 2147483648                                {product} {command line}
   size_t MaxNewSize                               = 715653120                                 {product} {ergonomic}
   size_t MinHeapDeltaBytes                        = 524288                                    {product} {ergonomic}
   size_t MinHeapSize                              = 104857600                                 {product} {command line}
   size_t NewSize                                  = 34603008                                  {product} {ergonomic}
    uintx NonNMethodCodeHeapSize                   = 5832780                                {pd product} {ergonomic}
    uintx NonProfiledCodeHeapSize                  = 122912730                              {pd product} {ergonomic}
   size_t OldSize                                  = 70254592                                  {product} {ergonomic}
    uintx ProfiledCodeHeapSize                     = 122912730                              {pd product} {ergonomic}
    uintx ReservedCodeCacheSize                    = 251658240                              {pd product} {ergonomic}
     bool SegmentedCodeCache                       = true                                      {product} {ergonomic}
   size_t SoftMaxHeapSize                          = 2147483648                             {manageable} {ergonomic}
     bool UseCompressedOops                        = true                           {product lp64_product} {ergonomic}
     bool UseLargePagesIndividualAllocation        = false                                  {pd product} {ergonomic}
     bool UseParallelGC                            = true                                      {product} {command line}

Logging:
Log output configuration:
 #0: stdout all=off uptime,level,tags foldmultilines=false
 #1: stderr all=off uptime,level,tags foldmultilines=false

Environment Variables:
JAVA_HOME=C:\Users\akash sen\AppData\Local\Programs\Eclipse Adoptium\jdk-17.0.7.7-hotspot\
PATH=C:\Python313\Scripts\;C:\Python313\;C:\Python312\Scripts\;C:\Python312\;C:\oraclexe\app\oracle\product\10.2.0\server\bin;C:\Program Files\Common Files\Oracle\Java\javapath;C:\WINDOWS\system32;C:\WINDOWS;C:\WINDOWS\System32\Wbem;C:\WINDOWS\System32\WindowsPowerShell\v1.0\;C:\WINDOWS\System32\OpenSSH\;C:\Program Files (x86)\Intel\Intel(R) Management Engine Components\DAL;C:\Program Files\Intel\Intel(R) Management Engine Components\DAL;C:\MinGW\bin;C:\Windows\System32\cmd.exe;C:\Users\akash sen\anaconda3\Scripts;C:\Users\akash sen\anaconda3\Lib\site-packages\bardapi;C:\Program Files\Git\cmd;C:\Users\akash sen\anaconda3\Lib;C:\Users\akash sen\anaconda3\bin;C:\Users\akash sen\anaconda3\Lib\site-packages;C:\ProgramData\chocolatey\bin;C:\nodejs\node_modules\npm\node_modules;C:\nodejs\node_modules;C:\Users\akash sen\AppData\Roaming\Python\Python312\Scripts;C:\Python312\Scripts\;C:\apache-maven-3.9.10\bin;C:\Program Files\nodejs\;C:\Program Files\Docker\Docker\resources\bin;C:\Program Files\MySQL\MySQL Shell 8.0\bin\;C:\Users\akash sen\AppData\Local\Programs\Eclipse Adoptium\jdk-17.0.7.7-hotspot\bin;C:\Users\akash sen\anaconda3;C:\Users\akash sen\anaconda3\Library\usr\bin;C:\Users\akash sen\anaconda3\Library\bin;C:\Users\akash sen\anaconda3\Scripts;C:\Users\akash sen\AppData\Local\Microsoft\WindowsApps;C:\Users\akash sen\AppData\Local\Programs\Microsoft VS Code\bin;C:\msys64\mingw-w64-v9.0.0;C:\MinGW\bin;C:\flutter\bin;C:\Users\akash sen\AppData\Local\GitHubDesktop\bin;C:\Users\akash sen\AppData\Roaming\Python\Python312\site-packages;C:\Users\akash sen\AppData\Roaming\npm
USERNAME=akash sen
OS=Windows_NT
PROCESSOR_IDENTIFIER=Intel64 Family 6 Model 142 Stepping 12, GenuineIntel
TMP=C:\Users\akash sen\AppData\Local\Temp
TEMP=C:\Users\akash sen\AppData\Local\Temp




Periodic native trim disabled

---------------  S Y S T E M  ---------------

OS:
 Windows 10 , 64 bit Build 19041 (10.0.19041.5915)
OS uptime: 3 days 1:43 hours
Hyper-V role detected

CPU: total 4 (initial active 4) (2 cores per cpu, 2 threads per core) family 6 model 142 stepping 12 microcode 0xb8, cx8, cmov, fxsr, ht, mmx, 3dnowpref, sse, sse2, sse3, ssse3, sse4.1, sse4.2, popcnt, lzcnt, tsc, tscinvbit, avx, avx2, aes, erms, clmul, bmi1, bmi2, adx, fma, vzeroupper, clflush, clflushopt, hv, rdtscp, f16c
Processor Information for the first 4 processors :
  Max Mhz: 2304, Current Mhz: 2103, Mhz Limit: 2096

Memory: 4k page, system-wide physical 3872M (172M free)
TotalPageFile size 15648M (AvailPageFile size 1M)
current process WorkingSet (physical memory assigned to process): 52M, peak: 52M
current process commit charge ("private bytes"): 215M, peak: 215M

vm_info: OpenJDK 64-Bit Server VM (21.0.7+6-LTS) for windows-amd64 JRE (21.0.7+6-LTS), built on 2025-04-15T00:00:00Z by "admin" with MS VC++ 17.7 (VS2022)

END.
