#
# There is insufficient memory for the Java Runtime Environment to continue.
# Native memory allocation (malloc) failed to allocate 2038096 bytes. Error detail: Chunk::new
# Possible reasons:
#   The system is out of physical RAM or swap space
#   This process is running with CompressedOops enabled, and the Java Heap may be blocking the growth of the native heap
# Possible solutions:
#   Reduce memory load on the system
#   Increase physical memory or swap space
#   Check if swap backing store is full
#   Decrease Java heap size (-Xmx/-Xms)
#   Decrease number of Java threads
#   Decrease Java thread stack sizes (-Xss)
#   Set larger code cache with -XX:ReservedCodeCacheSize=
#   JVM is running with Unscaled Compressed Oops mode in which the Java heap is
#     placed in the first 4GB address space. The Java Heap base address is the
#     maximum limit for the native heap growth. Please use -XX:HeapBaseMinAddress
#     to set the Java Heap base and to place the Java Heap above 4GB virtual address.
# This output file may be truncated or incomplete.
#
#  Out of Memory Error (arena.cpp:168), pid=46560, tid=24480
#
# JRE version: OpenJDK Runtime Environment Temurin-21.0.7+6 (21.0.7+6) (build 21.0.7+6-LTS)
# Java VM: OpenJDK 64-Bit Server VM Temurin-21.0.7+6 (21.0.7+6-LTS, mixed mode, sharing, tiered, compressed oops, compressed class ptrs, parallel gc, windows-amd64)
# No core dump will be written. Minidumps are not enabled by default on client versions of Windows
#

---------------  S U M M A R Y ------------

Command Line: --add-modules=ALL-SYSTEM --add-opens=java.base/java.util=ALL-UNNAMED --add-opens=java.base/java.lang=ALL-UNNAMED --add-opens=java.base/sun.nio.fs=ALL-UNNAMED -Declipse.application=org.eclipse.jdt.ls.core.id1 -Dosgi.bundles.defaultStartLevel=4 -Declipse.product=org.eclipse.jdt.ls.core.product -Djava.import.generatesMetadataFilesAtProjectRoot=false -DDetectVMInstallationsJob.disabled=true -Dfile.encoding=utf8 -XX:+UseParallelGC -XX:GCTimeRatio=4 -XX:AdaptiveSizePolicyWeight=90 -Dsun.zip.disableMemoryMapping=true -Xmx2G -Xms100m -Xlog:disable -javaagent:c:\Users\akash sen\.vscode\extensions\redhat.java-1.43.1-win32-x64\lombok\lombok-1.18.39-4050.jar -XX:+HeapDumpOnOutOfMemoryError -XX:HeapDumpPath=c:\Users\akash sen\AppData\Roaming\Code\User\workspaceStorage\9eed6be392607e9ccd44ab1b1a46ccb0\redhat.java -Daether.dependencyCollector.impl=bf c:\Users\akash sen\.vscode\extensions\redhat.java-1.43.1-win32-x64\server\plugins\org.eclipse.equinox.launcher_1.7.0.v20250519-0528.jar -configuration c:\Users\akash sen\AppData\Roaming\Code\User\globalStorage\redhat.java\1.43.1\config_win -data c:\Users\akash sen\AppData\Roaming\Code\User\workspaceStorage\9eed6be392607e9ccd44ab1b1a46ccb0\redhat.java\jdt_ws --pipe=\\.\pipe\lsp-64c47e82f2f6d69baacab8cf5179659b-sock

Host: Intel(R) Core(TM) i3-8145U CPU @ 2.10GHz, 4 cores, 3G,  Windows 10 , 64 bit Build 19041 (10.0.19041.5915)
Time: Fri Aug  1 01:26:12 2025 India Standard Time elapsed time: 52.829447 seconds (0d 0h 0m 52s)

---------------  T H R E A D  ---------------

Current thread (0x00000175e26c5ed0):  JavaThread "C2 CompilerThread0" daemon [_thread_in_native, id=24480, stack(0x0000005cb7200000,0x0000005cb7300000) (1024K)]


Current CompileTask:
C2:52830 13180   !   4       org.eclipse.jdt.internal.compiler.classfmt.ClassFileReader::<init> (2135 bytes)

Stack: [0x0000005cb7200000,0x0000005cb7300000]
Native frames: (J=compiled Java code, j=interpreted, Vv=VM code, C=native code)
V  [jvm.dll+0x6ce119]
V  [jvm.dll+0x8a84a1]
V  [jvm.dll+0x8aa9ce]
V  [jvm.dll+0x8ab0b3]
V  [jvm.dll+0x27f8a6]
V  [jvm.dll+0xc507d]
V  [jvm.dll+0xc55b3]
V  [jvm.dll+0x3b692c]
V  [jvm.dll+0x1dfe33]
V  [jvm.dll+0x247c42]
V  [jvm.dll+0x2470cf]
V  [jvm.dll+0x1c760e]
V  [jvm.dll+0x25695a]
V  [jvm.dll+0x254efa]
V  [jvm.dll+0x3f03f6]
V  [jvm.dll+0x851f6b]
V  [jvm.dll+0x6cc7dd]
C  [ucrtbase.dll+0x21bb2]
C  [KERNEL32.DLL+0x17374]
C  [ntdll.dll+0x4cc91]


---------------  P R O C E S S  ---------------

Threads class SMR info:
_java_thread_list=0x00000175e3822260, length=45, elements={
0x00000175c9b37000, 0x00000175e26aacd0, 0x00000175e26ac5d0, 0x00000175e26aded0,
0x00000175e26af060, 0x00000175e26b4bc0, 0x00000175e26bc9b0, 0x00000175e26c5ed0,
0x00000175e26c6bc0, 0x00000175e26bd040, 0x00000175e26bc320, 0x00000175e26bf110,
0x00000175e26bd6d0, 0x00000175e26bf7a0, 0x00000175e26bdd60, 0x00000175e26be3f0,
0x00000175e26bea80, 0x00000175e8674030, 0x00000175e8670bb0, 0x00000175e866e450,
0x00000175e8672c80, 0x00000175e866ddc0, 0x00000175e86739a0, 0x00000175e8671240,
0x00000175e866d730, 0x00000175e86746c0, 0x00000175e866eae0, 0x00000175e8674d50,
0x00000175e866f170, 0x00000175e866f800, 0x00000175e8673310, 0x00000175e866fe90,
0x00000175e8670520, 0x00000175e86718d0, 0x00000175e8671f60, 0x00000175e887a860,
0x00000175e887d650, 0x00000175e887dce0, 0x00000175e887e370, 0x00000175e88794b0,
0x00000175e887c930, 0x00000175e887ea00, 0x00000175e8877a70, 0x00000175e887a1d0,
0x00000175e374d5f0
}

Java Threads: ( => current thread )
  0x00000175c9b37000 JavaThread "main"                              [_thread_blocked, id=13748, stack(0x0000005cb6800000,0x0000005cb6900000) (1024K)]
  0x00000175e26aacd0 JavaThread "Reference Handler"          daemon [_thread_blocked, id=16972, stack(0x0000005cb6c00000,0x0000005cb6d00000) (1024K)]
  0x00000175e26ac5d0 JavaThread "Finalizer"                  daemon [_thread_blocked, id=1152, stack(0x0000005cb6d00000,0x0000005cb6e00000) (1024K)]
  0x00000175e26aded0 JavaThread "Signal Dispatcher"          daemon [_thread_blocked, id=8504, stack(0x0000005cb6e00000,0x0000005cb6f00000) (1024K)]
  0x00000175e26af060 JavaThread "Attach Listener"            daemon [_thread_blocked, id=42272, stack(0x0000005cb6f00000,0x0000005cb7000000) (1024K)]
  0x00000175e26b4bc0 JavaThread "Service Thread"             daemon [_thread_blocked, id=39064, stack(0x0000005cb7000000,0x0000005cb7100000) (1024K)]
  0x00000175e26bc9b0 JavaThread "Monitor Deflation Thread"   daemon [_thread_blocked, id=15996, stack(0x0000005cb7100000,0x0000005cb7200000) (1024K)]
=>0x00000175e26c5ed0 JavaThread "C2 CompilerThread0"         daemon [_thread_in_native, id=24480, stack(0x0000005cb7200000,0x0000005cb7300000) (1024K)]
  0x00000175e26c6bc0 JavaThread "C1 CompilerThread0"         daemon [_thread_blocked, id=23392, stack(0x0000005cb7300000,0x0000005cb7400000) (1024K)]
  0x00000175e26bd040 JavaThread "Common-Cleaner"             daemon [_thread_blocked, id=19392, stack(0x0000005cb7400000,0x0000005cb7500000) (1024K)]
  0x00000175e26bc320 JavaThread "Notification Thread"        daemon [_thread_blocked, id=35312, stack(0x0000005cb7600000,0x0000005cb7700000) (1024K)]
  0x00000175e26bf110 JavaThread "Active Thread: Equinox Container: 1a9e38ec-4e00-40cc-829c-c68468ebc2f4"        [_thread_blocked, id=29256, stack(0x0000005cb7a00000,0x0000005cb7b00000) (1024K)]
  0x00000175e26bd6d0 JavaThread "Refresh Thread: Equinox Container: 1a9e38ec-4e00-40cc-829c-c68468ebc2f4" daemon [_thread_blocked, id=11444, stack(0x0000005cb7b00000,0x0000005cb7c00000) (1024K)]
  0x00000175e26bf7a0 JavaThread "Framework Event Dispatcher: Equinox Container: 1a9e38ec-4e00-40cc-829c-c68468ebc2f4" daemon [_thread_blocked, id=6336, stack(0x0000005cb7c00000,0x0000005cb7d00000) (1024K)]
  0x00000175e26bdd60 JavaThread "Start Level: Equinox Container: 1a9e38ec-4e00-40cc-829c-c68468ebc2f4" daemon [_thread_blocked, id=12072, stack(0x0000005cb7d00000,0x0000005cb7e00000) (1024K)]
  0x00000175e26be3f0 JavaThread "Bundle File Closer"         daemon [_thread_blocked, id=32280, stack(0x0000005cb7e00000,0x0000005cb7f00000) (1024K)]
  0x00000175e26bea80 JavaThread "SCR Component Actor"        daemon [_thread_blocked, id=19140, stack(0x0000005cb7f00000,0x0000005cb8000000) (1024K)]
  0x00000175e8674030 JavaThread "Worker-JM"                         [_thread_blocked, id=37560, stack(0x0000005cb8100000,0x0000005cb8200000) (1024K)]
  0x00000175e8670bb0 JavaThread "JNA Cleaner"                daemon [_thread_blocked, id=27032, stack(0x0000005cb7500000,0x0000005cb7600000) (1024K)]
  0x00000175e866e450 JavaThread "Worker-0: Initialize Workspace"        [_thread_blocked, id=29404, stack(0x0000005cb8200000,0x0000005cb8300000) (1024K)]
  0x00000175e8672c80 JavaThread "Worker-1: Initialize workspace"        [_thread_blocked, id=22544, stack(0x0000005cb8300000,0x0000005cb8400000) (1024K)]
  0x00000175e866ddc0 JavaThread "Java indexing"              daemon [_thread_in_native, id=20608, stack(0x0000005cb8400000,0x0000005cb8500000) (1024K)]
  0x00000175e86739a0 JavaThread "Worker-2"                          [_thread_blocked, id=44392, stack(0x0000005cb8500000,0x0000005cb8600000) (1024K)]
  0x00000175e8671240 JavaThread "Worker-3: Java indexing... "        [_thread_blocked, id=820, stack(0x0000005cb8600000,0x0000005cb8700000) (1024K)]
  0x00000175e866d730 JavaThread "Worker-4"                          [_thread_blocked, id=39220, stack(0x0000005cb8700000,0x0000005cb8800000) (1024K)]
  0x00000175e86746c0 JavaThread "Thread-2"                   daemon [_thread_in_native, id=39044, stack(0x0000005cb8800000,0x0000005cb8900000) (1024K)]
  0x00000175e866eae0 JavaThread "Thread-3"                   daemon [_thread_in_native, id=21324, stack(0x0000005cb8900000,0x0000005cb8a00000) (1024K)]
  0x00000175e8674d50 JavaThread "Thread-4"                   daemon [_thread_in_native, id=8284, stack(0x0000005cb8a00000,0x0000005cb8b00000) (1024K)]
  0x00000175e866f170 JavaThread "Thread-5"                   daemon [_thread_in_native, id=2124, stack(0x0000005cb8b00000,0x0000005cb8c00000) (1024K)]
  0x00000175e866f800 JavaThread "Thread-6"                   daemon [_thread_in_native, id=21752, stack(0x0000005cb8c00000,0x0000005cb8d00000) (1024K)]
  0x00000175e8673310 JavaThread "pool-2-thread-1"                   [_thread_blocked, id=3260, stack(0x0000005cb8d00000,0x0000005cb8e00000) (1024K)]
  0x00000175e866fe90 JavaThread "WorkspaceEventsHandler"            [_thread_blocked, id=39696, stack(0x0000005cb8e00000,0x0000005cb8f00000) (1024K)]
  0x00000175e8670520 JavaThread "pool-1-thread-1"                   [_thread_blocked, id=39032, stack(0x0000005cb8f00000,0x0000005cb9000000) (1024K)]
  0x00000175e86718d0 JavaThread "Worker-5"                          [_thread_blocked, id=21932, stack(0x0000005cb9000000,0x0000005cb9100000) (1024K)]
  0x00000175e8671f60 JavaThread "Worker-6"                          [_thread_blocked, id=46876, stack(0x0000005cb9100000,0x0000005cb9200000) (1024K)]
  0x00000175e887a860 JavaThread "LocalFile Deleter"          daemon [_thread_blocked, id=35680, stack(0x0000005cb9200000,0x0000005cb9300000) (1024K)]
  0x00000175e887d650 JavaThread "LocalFile Deleter"          daemon [_thread_blocked, id=47036, stack(0x0000005cb9300000,0x0000005cb9400000) (1024K)]
  0x00000175e887dce0 JavaThread "LocalFile Deleter"          daemon [_thread_blocked, id=28416, stack(0x0000005cb9400000,0x0000005cb9500000) (1024K)]
  0x00000175e887e370 JavaThread "LocalFile Deleter"          daemon [_thread_blocked, id=24812, stack(0x0000005cb9500000,0x0000005cb9600000) (1024K)]
  0x00000175e88794b0 JavaThread "Compiler Source File Reader" daemon [_thread_blocked, id=16648, stack(0x0000005cb9600000,0x0000005cb9700000) (1024K)]
  0x00000175e887c930 JavaThread "Compiler Source File Reader" daemon [_thread_blocked, id=1924, stack(0x0000005cb9700000,0x0000005cb9800000) (1024K)]
  0x00000175e887ea00 JavaThread "Compiler Processing Task"   daemon [_thread_blocked, id=29824, stack(0x0000005cb8000000,0x0000005cb8100000) (1024K)]
  0x00000175e8877a70 JavaThread "Compiler Class File Writer" daemon [_thread_blocked, id=45572, stack(0x0000005cb9800000,0x0000005cb9900000) (1024K)]
  0x00000175e887a1d0 JavaThread "Compiler Class File Writer" daemon [_thread_blocked, id=21152, stack(0x0000005cb9900000,0x0000005cb9a00000) (1024K)]
  0x00000175e374d5f0 JavaThread "ForkJoinPool.commonPool-worker-1" daemon [_thread_blocked, id=13940, stack(0x0000005cb9a00000,0x0000005cb9b00000) (1024K)]
Total: 45

Other Threads:
  0x00000175cbd8fce0 VMThread "VM Thread"                           [id=10124, stack(0x0000005cb6b00000,0x0000005cb6c00000) (1024K)]
  0x00000175cbd42d70 WatcherThread "VM Periodic Task Thread"        [id=28316, stack(0x0000005cb6a00000,0x0000005cb6b00000) (1024K)]
  0x00000175cbcf6180 WorkerThread "GC Thread#0"                     [id=27628, stack(0x0000005cb6900000,0x0000005cb6a00000) (1024K)]
  0x00000175e3de7250 WorkerThread "GC Thread#1"                     [id=13880, stack(0x0000005cb7700000,0x0000005cb7800000) (1024K)]
  0x00000175e3de75f0 WorkerThread "GC Thread#2"                     [id=34332, stack(0x0000005cb7800000,0x0000005cb7900000) (1024K)]
  0x00000175e3de7990 WorkerThread "GC Thread#3"                     [id=34464, stack(0x0000005cb7900000,0x0000005cb7a00000) (1024K)]
Total: 6

Threads with active compile tasks:
C2 CompilerThread0  52930 13180   !   4       org.eclipse.jdt.internal.compiler.classfmt.ClassFileReader::<init> (2135 bytes)
Total: 1

VM state: not at safepoint (normal execution)

VM Mutex/Monitor currently owned by a thread: None

Heap address: 0x0000000080000000, size: 2048 MB, Compressed Oops mode: 32-bit

CDS archive(s) mapped at: [0x0000017580000000-0x0000017580ba0000-0x0000017580ba0000), size 12189696, SharedBaseAddress: 0x0000017580000000, ArchiveRelocationMode: 1.
Compressed class space mapped at: 0x0000017581000000-0x00000175c1000000, reserved size: 1073741824
Narrow klass base: 0x0000017580000000, Narrow klass shift: 0, Narrow klass range: 0x100000000

GC Precious Log:
 CardTable entry size: 512
 CPUs: 4 total, 4 available
 Memory: 3872M
 Large Page Support: Disabled
 NUMA Support: Disabled
 Compressed Oops: Enabled (32-bit)
 Alignments: Space 512K, Generation 512K, Heap 2M
 Heap Min Capacity: 100M
 Heap Initial Capacity: 100M
 Heap Max Capacity: 2G
 Pre-touch: Disabled
 Parallel Workers: 4

Heap:
 PSYoungGen      total 2560K, used 1125K [0x00000000d5580000, 0x00000000d5a00000, 0x0000000100000000)
  eden space 2048K, 38% used [0x00000000d5580000,0x00000000d5643c58,0x00000000d5780000)
  from space 512K, 66% used [0x00000000d5900000,0x00000000d5955808,0x00000000d5980000)
  to   space 512K, 0% used [0x00000000d5980000,0x00000000d5980000,0x00000000d5a00000)
 ParOldGen       total 447488K, used 446990K [0x0000000080000000, 0x000000009b500000, 0x00000000d5580000)
  object space 447488K, 99% used [0x0000000080000000,0x000000009b483b70,0x000000009b500000)
 Metaspace       used 65585K, committed 67072K, reserved 1114112K
  class space    used 6695K, committed 7360K, reserved 1048576K

Card table byte_map: [0x00000175cb680000,0x00000175cba90000] _byte_map_base: 0x00000175cb280000

Marking Bits: (ParMarkBitMap*) 0x00007ffc843331f0
 Begin Bits: [0x00000175de180000, 0x00000175e0180000)
 End Bits:   [0x00000175e0180000, 0x00000175e2180000)

Polling page: 0x00000175c9ab0000

Metaspace:

Usage:
  Non-class:     57.51 MB used.
      Class:      6.54 MB used.
       Both:     64.05 MB used.

Virtual space:
  Non-class space:       64.00 MB reserved,      58.31 MB ( 91%) committed,  1 nodes.
      Class space:        1.00 GB reserved,       7.19 MB ( <1%) committed,  1 nodes.
             Both:        1.06 GB reserved,      65.50 MB (  6%) committed. 

Chunk freelists:
   Non-Class:  5.25 MB
       Class:  8.82 MB
        Both:  14.07 MB

MaxMetaspaceSize: unlimited
CompressedClassSpaceSize: 1.00 GB
Initial GC threshold: 21.00 MB
Current GC threshold: 97.31 MB
CDS: on
 - commit_granule_bytes: 65536.
 - commit_granule_words: 8192.
 - virtual_space_node_default_size: 8388608.
 - enlarge_chunks_in_place: 1.
 - use_allocation_guard: 0.


Internal statistics:

num_allocs_failed_limit: 9.
num_arena_births: 1312.
num_arena_deaths: 14.
num_vsnodes_births: 2.
num_vsnodes_deaths: 0.
num_space_committed: 1048.
num_space_uncommitted: 0.
num_chunks_returned_to_freelist: 23.
num_chunks_taken_from_freelist: 4471.
num_chunk_merges: 10.
num_chunk_splits: 2735.
num_chunks_enlarged: 1550.
num_inconsistent_stats: 0.

CodeHeap 'non-profiled nmethods': size=120000Kb used=7001Kb max_used=7001Kb free=112998Kb
 bounds [0x00000175d69a0000, 0x00000175d7080000, 0x00000175dded0000]
CodeHeap 'profiled nmethods': size=120000Kb used=27247Kb max_used=27247Kb free=92752Kb
 bounds [0x00000175ceed0000, 0x00000175d0970000, 0x00000175d6400000]
CodeHeap 'non-nmethods': size=5760Kb used=1440Kb max_used=1535Kb free=4320Kb
 bounds [0x00000175d6400000, 0x00000175d6670000, 0x00000175d69a0000]
 total_blobs=13181 nmethods=12428 adapters=658
 compilation: enabled
              stopped_count=0, restarted_count=0
 full_count=0

Compilation events (20 events):
Event: 51.765 Thread 0x00000175e26c6bc0 nmethod 13185 0x00000175d0967110 code [0x00000175d09672e0, 0x00000175d09675e0]
Event: 51.805 Thread 0x00000175e26c5ed0 nmethod 13164% 0x00000175d7066990 code [0x00000175d7067180, 0x00000175d70716a0]
Event: 51.807 Thread 0x00000175e26c5ed0 13180   !   4       org.eclipse.jdt.internal.compiler.classfmt.ClassFileReader::<init> (2135 bytes)
Event: 51.826 Thread 0x00000175e26c6bc0 13187       2       org.eclipse.jdt.internal.compiler.classfmt.FieldInfo::createField (450 bytes)
Event: 51.833 Thread 0x00000175e26c6bc0 nmethod 13187 0x00000175d0967790 code [0x00000175d0967aa0, 0x00000175d0968d20]
Event: 52.045 Thread 0x00000175e26c6bc0 13188       2       org.eclipse.jdt.ls.core.internal.handlers.ProgressReporterManager$ProgressReporter::worked (15 bytes)
Event: 52.047 Thread 0x00000175e26c6bc0 nmethod 13188 0x00000175d0969690 code [0x00000175d0969840, 0x00000175d0969968]
Event: 52.169 Thread 0x00000175e26c6bc0 13189       2       java.io.BufferedWriter::implWrite (133 bytes)
Event: 52.171 Thread 0x00000175e26c6bc0 nmethod 13189 0x00000175d0969a10 code [0x00000175d0969c40, 0x00000175d096a178]
Event: 52.172 Thread 0x00000175e26c6bc0 13190       1       org.eclipse.core.internal.jobs.InternalJob::setResult (6 bytes)
Event: 52.172 Thread 0x00000175e26c6bc0 nmethod 13190 0x00000175d7075f90 code [0x00000175d7076120, 0x00000175d7076208]
Event: 52.566 Thread 0x00000175e26c6bc0 13191       1       org.eclipse.core.runtime.jobs.Job::shouldRun (2 bytes)
Event: 52.567 Thread 0x00000175e26c6bc0 nmethod 13191 0x00000175d7076290 code [0x00000175d7076420, 0x00000175d70764e8]
Event: 52.567 Thread 0x00000175e26c6bc0 13192       2       org.eclipse.core.internal.jobs.JobChangeEvent::<init> (37 bytes)
Event: 52.567 Thread 0x00000175e26c6bc0 nmethod 13192 0x00000175d096a410 code [0x00000175d096a5a0, 0x00000175d096a708]
Event: 52.567 Thread 0x00000175e26c6bc0 13193       3       java.lang.StringCoding::implEncodeAsciiArray (47 bytes)
Event: 52.568 Thread 0x00000175e26c6bc0 nmethod 13193 0x00000175d096a790 code [0x00000175d096a940, 0x00000175d096ab78]
Event: 52.732 Thread 0x00000175e26c6bc0 13194       3       java.io.BufferedWriter::growIfNeeded (63 bytes)
Event: 52.733 Thread 0x00000175e26c6bc0 nmethod 13194 0x00000175d096ad10 code [0x00000175d096aec0, 0x00000175d096b160]
Event: 52.818 Thread 0x00000175e26c6bc0 13195       2       org.eclipse.jdt.internal.compiler.classfmt.MethodInfo::decodeParamAnnotations (125 bytes)

GC Heap History (20 events):
Event: 52.330 GC heap before
{Heap before GC invocations=525 (full 3):
 PSYoungGen      total 2560K, used 2426K [0x00000000d5580000, 0x00000000d5a00000, 0x0000000100000000)
  eden space 2048K, 100% used [0x00000000d5580000,0x00000000d5780000,0x00000000d5780000)
  from space 512K, 73% used [0x00000000d5900000,0x00000000d595ea58,0x00000000d5980000)
  to   space 512K, 0% used [0x00000000d5980000,0x00000000d5980000,0x00000000d5a00000)
 ParOldGen       total 443904K, used 443555K [0x0000000080000000, 0x000000009b180000, 0x00000000d5580000)
  object space 443904K, 99% used [0x0000000080000000,0x000000009b128c50,0x000000009b180000)
 Metaspace       used 65585K, committed 67072K, reserved 1114112K
  class space    used 6695K, committed 7360K, reserved 1048576K
}
Event: 52.332 GC heap after
{Heap after GC invocations=525 (full 3):
 PSYoungGen      total 2560K, used 256K [0x00000000d5580000, 0x00000000d5a00000, 0x0000000100000000)
  eden space 2048K, 0% used [0x00000000d5580000,0x00000000d5580000,0x00000000d5780000)
  from space 512K, 50% used [0x00000000d5980000,0x00000000d59c0000,0x00000000d5a00000)
  to   space 512K, 0% used [0x00000000d5900000,0x00000000d5900000,0x00000000d5980000)
 ParOldGen       total 443904K, used 443859K [0x0000000080000000, 0x000000009b180000, 0x00000000d5580000)
  object space 443904K, 99% used [0x0000000080000000,0x000000009b174cb0,0x000000009b180000)
 Metaspace       used 65585K, committed 67072K, reserved 1114112K
  class space    used 6695K, committed 7360K, reserved 1048576K
}
Event: 52.399 GC heap before
{Heap before GC invocations=526 (full 3):
 PSYoungGen      total 2560K, used 2304K [0x00000000d5580000, 0x00000000d5a00000, 0x0000000100000000)
  eden space 2048K, 100% used [0x00000000d5580000,0x00000000d5780000,0x00000000d5780000)
  from space 512K, 50% used [0x00000000d5980000,0x00000000d59c0000,0x00000000d5a00000)
  to   space 512K, 0% used [0x00000000d5900000,0x00000000d5900000,0x00000000d5980000)
 ParOldGen       total 443904K, used 443859K [0x0000000080000000, 0x000000009b180000, 0x00000000d5580000)
  object space 443904K, 99% used [0x0000000080000000,0x000000009b174cb0,0x000000009b180000)
 Metaspace       used 65585K, committed 67072K, reserved 1114112K
  class space    used 6695K, committed 7360K, reserved 1048576K
}
Event: 52.401 GC heap after
{Heap after GC invocations=526 (full 3):
 PSYoungGen      total 2560K, used 315K [0x00000000d5580000, 0x00000000d5a00000, 0x0000000100000000)
  eden space 2048K, 0% used [0x00000000d5580000,0x00000000d5580000,0x00000000d5780000)
  from space 512K, 61% used [0x00000000d5900000,0x00000000d594ec08,0x00000000d5980000)
  to   space 512K, 0% used [0x00000000d5980000,0x00000000d5980000,0x00000000d5a00000)
 ParOldGen       total 444416K, used 444059K [0x0000000080000000, 0x000000009b200000, 0x00000000d5580000)
  object space 444416K, 99% used [0x0000000080000000,0x000000009b1a6cb0,0x000000009b200000)
 Metaspace       used 65585K, committed 67072K, reserved 1114112K
  class space    used 6695K, committed 7360K, reserved 1048576K
}
Event: 52.423 GC heap before
{Heap before GC invocations=527 (full 3):
 PSYoungGen      total 2560K, used 2363K [0x00000000d5580000, 0x00000000d5a00000, 0x0000000100000000)
  eden space 2048K, 100% used [0x00000000d5580000,0x00000000d5780000,0x00000000d5780000)
  from space 512K, 61% used [0x00000000d5900000,0x00000000d594ec08,0x00000000d5980000)
  to   space 512K, 0% used [0x00000000d5980000,0x00000000d5980000,0x00000000d5a00000)
 ParOldGen       total 444416K, used 444059K [0x0000000080000000, 0x000000009b200000, 0x00000000d5580000)
  object space 444416K, 99% used [0x0000000080000000,0x000000009b1a6cb0,0x000000009b200000)
 Metaspace       used 65585K, committed 67072K, reserved 1114112K
  class space    used 6695K, committed 7360K, reserved 1048576K
}
Event: 52.426 GC heap after
{Heap after GC invocations=527 (full 3):
 PSYoungGen      total 2560K, used 288K [0x00000000d5580000, 0x00000000d5a00000, 0x0000000100000000)
  eden space 2048K, 0% used [0x00000000d5580000,0x00000000d5580000,0x00000000d5780000)
  from space 512K, 56% used [0x00000000d5980000,0x00000000d59c8000,0x00000000d5a00000)
  to   space 512K, 0% used [0x00000000d5900000,0x00000000d5900000,0x00000000d5980000)
 ParOldGen       total 444416K, used 444294K [0x0000000080000000, 0x000000009b200000, 0x00000000d5580000)
  object space 444416K, 99% used [0x0000000080000000,0x000000009b1e18b8,0x000000009b200000)
 Metaspace       used 65585K, committed 67072K, reserved 1114112K
  class space    used 6695K, committed 7360K, reserved 1048576K
}
Event: 52.478 GC heap before
{Heap before GC invocations=528 (full 3):
 PSYoungGen      total 2560K, used 2336K [0x00000000d5580000, 0x00000000d5a00000, 0x0000000100000000)
  eden space 2048K, 100% used [0x00000000d5580000,0x00000000d5780000,0x00000000d5780000)
  from space 512K, 56% used [0x00000000d5980000,0x00000000d59c8000,0x00000000d5a00000)
  to   space 512K, 0% used [0x00000000d5900000,0x00000000d5900000,0x00000000d5980000)
 ParOldGen       total 444416K, used 444294K [0x0000000080000000, 0x000000009b200000, 0x00000000d5580000)
  object space 444416K, 99% used [0x0000000080000000,0x000000009b1e18b8,0x000000009b200000)
 Metaspace       used 65585K, committed 67072K, reserved 1114112K
  class space    used 6695K, committed 7360K, reserved 1048576K
}
Event: 52.481 GC heap after
{Heap after GC invocations=528 (full 3):
 PSYoungGen      total 2560K, used 224K [0x00000000d5580000, 0x00000000d5a00000, 0x0000000100000000)
  eden space 2048K, 0% used [0x00000000d5580000,0x00000000d5580000,0x00000000d5780000)
  from space 512K, 43% used [0x00000000d5900000,0x00000000d5938000,0x00000000d5980000)
  to   space 512K, 0% used [0x00000000d5980000,0x00000000d5980000,0x00000000d5a00000)
 ParOldGen       total 444928K, used 444494K [0x0000000080000000, 0x000000009b280000, 0x00000000d5580000)
  object space 444928K, 99% used [0x0000000080000000,0x000000009b2138b8,0x000000009b280000)
 Metaspace       used 65585K, committed 67072K, reserved 1114112K
  class space    used 6695K, committed 7360K, reserved 1048576K
}
Event: 52.592 GC heap before
{Heap before GC invocations=529 (full 3):
 PSYoungGen      total 2560K, used 2260K [0x00000000d5580000, 0x00000000d5a00000, 0x0000000100000000)
  eden space 2048K, 99% used [0x00000000d5580000,0x00000000d577d3a0,0x00000000d5780000)
  from space 512K, 43% used [0x00000000d5900000,0x00000000d5938000,0x00000000d5980000)
  to   space 512K, 0% used [0x00000000d5980000,0x00000000d5980000,0x00000000d5a00000)
 ParOldGen       total 444928K, used 444494K [0x0000000080000000, 0x000000009b280000, 0x00000000d5580000)
  object space 444928K, 99% used [0x0000000080000000,0x000000009b2138b8,0x000000009b280000)
 Metaspace       used 65585K, committed 67072K, reserved 1114112K
  class space    used 6695K, committed 7360K, reserved 1048576K
}
Event: 52.594 GC heap after
{Heap after GC invocations=529 (full 3):
 PSYoungGen      total 2560K, used 256K [0x00000000d5580000, 0x00000000d5a00000, 0x0000000100000000)
  eden space 2048K, 0% used [0x00000000d5580000,0x00000000d5580000,0x00000000d5780000)
  from space 512K, 50% used [0x00000000d5980000,0x00000000d59c0000,0x00000000d5a00000)
  to   space 512K, 0% used [0x00000000d5900000,0x00000000d5900000,0x00000000d5980000)
 ParOldGen       total 444928K, used 444694K [0x0000000080000000, 0x000000009b280000, 0x00000000d5580000)
  object space 444928K, 99% used [0x0000000080000000,0x000000009b2458b8,0x000000009b280000)
 Metaspace       used 65585K, committed 67072K, reserved 1114112K
  class space    used 6695K, committed 7360K, reserved 1048576K
}
Event: 52.618 GC heap before
{Heap before GC invocations=530 (full 3):
 PSYoungGen      total 2560K, used 2292K [0x00000000d5580000, 0x00000000d5a00000, 0x0000000100000000)
  eden space 2048K, 99% used [0x00000000d5580000,0x00000000d577d158,0x00000000d5780000)
  from space 512K, 50% used [0x00000000d5980000,0x00000000d59c0000,0x00000000d5a00000)
  to   space 512K, 0% used [0x00000000d5900000,0x00000000d5900000,0x00000000d5980000)
 ParOldGen       total 444928K, used 444694K [0x0000000080000000, 0x000000009b280000, 0x00000000d5580000)
  object space 444928K, 99% used [0x0000000080000000,0x000000009b2458b8,0x000000009b280000)
 Metaspace       used 65585K, committed 67072K, reserved 1114112K
  class space    used 6695K, committed 7360K, reserved 1048576K
}
Event: 52.620 GC heap after
{Heap after GC invocations=530 (full 3):
 PSYoungGen      total 2560K, used 448K [0x00000000d5580000, 0x00000000d5a00000, 0x0000000100000000)
  eden space 2048K, 0% used [0x00000000d5580000,0x00000000d5580000,0x00000000d5780000)
  from space 512K, 87% used [0x00000000d5900000,0x00000000d5970000,0x00000000d5980000)
  to   space 512K, 0% used [0x00000000d5980000,0x00000000d5980000,0x00000000d5a00000)
 ParOldGen       total 444928K, used 444879K [0x0000000080000000, 0x000000009b280000, 0x00000000d5580000)
  object space 444928K, 99% used [0x0000000080000000,0x000000009b273cc8,0x000000009b280000)
 Metaspace       used 65585K, committed 67072K, reserved 1114112K
  class space    used 6695K, committed 7360K, reserved 1048576K
}
Event: 52.645 GC heap before
{Heap before GC invocations=531 (full 3):
 PSYoungGen      total 2560K, used 2496K [0x00000000d5580000, 0x00000000d5a00000, 0x0000000100000000)
  eden space 2048K, 100% used [0x00000000d5580000,0x00000000d5780000,0x00000000d5780000)
  from space 512K, 87% used [0x00000000d5900000,0x00000000d5970000,0x00000000d5980000)
  to   space 512K, 0% used [0x00000000d5980000,0x00000000d5980000,0x00000000d5a00000)
 ParOldGen       total 444928K, used 444879K [0x0000000080000000, 0x000000009b280000, 0x00000000d5580000)
  object space 444928K, 99% used [0x0000000080000000,0x000000009b273cc8,0x000000009b280000)
 Metaspace       used 65585K, committed 67072K, reserved 1114112K
  class space    used 6695K, committed 7360K, reserved 1048576K
}
Event: 52.648 GC heap after
{Heap after GC invocations=531 (full 3):
 PSYoungGen      total 2560K, used 347K [0x00000000d5580000, 0x00000000d5a00000, 0x0000000100000000)
  eden space 2048K, 0% used [0x00000000d5580000,0x00000000d5580000,0x00000000d5780000)
  from space 512K, 67% used [0x00000000d5980000,0x00000000d59d6c08,0x00000000d5a00000)
  to   space 512K, 0% used [0x00000000d5900000,0x00000000d5900000,0x00000000d5980000)
 ParOldGen       total 445440K, used 445191K [0x0000000080000000, 0x000000009b300000, 0x00000000d5580000)
  object space 445440K, 99% used [0x0000000080000000,0x000000009b2c1cc8,0x000000009b300000)
 Metaspace       used 65585K, committed 67072K, reserved 1114112K
  class space    used 6695K, committed 7360K, reserved 1048576K
}
Event: 52.747 GC heap before
{Heap before GC invocations=532 (full 3):
 PSYoungGen      total 2560K, used 2395K [0x00000000d5580000, 0x00000000d5a00000, 0x0000000100000000)
  eden space 2048K, 100% used [0x00000000d5580000,0x00000000d5780000,0x00000000d5780000)
  from space 512K, 67% used [0x00000000d5980000,0x00000000d59d6c08,0x00000000d5a00000)
  to   space 512K, 0% used [0x00000000d5900000,0x00000000d5900000,0x00000000d5980000)
 ParOldGen       total 445440K, used 445191K [0x0000000080000000, 0x000000009b300000, 0x00000000d5580000)
  object space 445440K, 99% used [0x0000000080000000,0x000000009b2c1cc8,0x000000009b300000)
 Metaspace       used 65585K, committed 67072K, reserved 1114112K
  class space    used 6695K, committed 7360K, reserved 1048576K
}
Event: 52.750 GC heap after
{Heap after GC invocations=532 (full 3):
 PSYoungGen      total 2560K, used 292K [0x00000000d5580000, 0x00000000d5a00000, 0x0000000100000000)
  eden space 2048K, 0% used [0x00000000d5580000,0x00000000d5580000,0x00000000d5780000)
  from space 512K, 57% used [0x00000000d5900000,0x00000000d5949090,0x00000000d5980000)
  to   space 512K, 0% used [0x00000000d5980000,0x00000000d5980000,0x00000000d5a00000)
 ParOldGen       total 445952K, used 445474K [0x0000000080000000, 0x000000009b380000, 0x00000000d5580000)
  object space 445952K, 99% used [0x0000000080000000,0x000000009b3088d0,0x000000009b380000)
 Metaspace       used 65585K, committed 67072K, reserved 1114112K
  class space    used 6695K, committed 7360K, reserved 1048576K
}
Event: 52.771 GC heap before
{Heap before GC invocations=533 (full 3):
 PSYoungGen      total 2560K, used 2340K [0x00000000d5580000, 0x00000000d5a00000, 0x0000000100000000)
  eden space 2048K, 100% used [0x00000000d5580000,0x00000000d5780000,0x00000000d5780000)
  from space 512K, 57% used [0x00000000d5900000,0x00000000d5949090,0x00000000d5980000)
  to   space 512K, 0% used [0x00000000d5980000,0x00000000d5980000,0x00000000d5a00000)
 ParOldGen       total 445952K, used 445474K [0x0000000080000000, 0x000000009b380000, 0x00000000d5580000)
  object space 445952K, 99% used [0x0000000080000000,0x000000009b3088d0,0x000000009b380000)
 Metaspace       used 65585K, committed 67072K, reserved 1114112K
  class space    used 6695K, committed 7360K, reserved 1048576K
}
Event: 52.774 GC heap after
{Heap after GC invocations=533 (full 3):
 PSYoungGen      total 2560K, used 320K [0x00000000d5580000, 0x00000000d5a00000, 0x0000000100000000)
  eden space 2048K, 0% used [0x00000000d5580000,0x00000000d5580000,0x00000000d5780000)
  from space 512K, 62% used [0x00000000d5980000,0x00000000d59d0000,0x00000000d5a00000)
  to   space 512K, 0% used [0x00000000d5900000,0x00000000d5900000,0x00000000d5980000)
 ParOldGen       total 445952K, used 445734K [0x0000000080000000, 0x000000009b380000, 0x00000000d5580000)
  object space 445952K, 99% used [0x0000000080000000,0x000000009b349960,0x000000009b380000)
 Metaspace       used 65585K, committed 67072K, reserved 1114112K
  class space    used 6695K, committed 7360K, reserved 1048576K
}
Event: 52.797 GC heap before
{Heap before GC invocations=534 (full 3):
 PSYoungGen      total 2560K, used 2368K [0x00000000d5580000, 0x00000000d5a00000, 0x0000000100000000)
  eden space 2048K, 100% used [0x00000000d5580000,0x00000000d5780000,0x00000000d5780000)
  from space 512K, 62% used [0x00000000d5980000,0x00000000d59d0000,0x00000000d5a00000)
  to   space 512K, 0% used [0x00000000d5900000,0x00000000d5900000,0x00000000d5980000)
 ParOldGen       total 445952K, used 445734K [0x0000000080000000, 0x000000009b380000, 0x00000000d5580000)
  object space 445952K, 99% used [0x0000000080000000,0x000000009b349960,0x000000009b380000)
 Metaspace       used 65585K, committed 67072K, reserved 1114112K
  class space    used 6695K, committed 7360K, reserved 1048576K
}
Event: 52.799 GC heap after
{Heap after GC invocations=534 (full 3):
 PSYoungGen      total 2560K, used 376K [0x00000000d5580000, 0x00000000d5a00000, 0x0000000100000000)
  eden space 2048K, 0% used [0x00000000d5580000,0x00000000d5580000,0x00000000d5780000)
  from space 512K, 73% used [0x00000000d5900000,0x00000000d595e2e8,0x00000000d5980000)
  to   space 512K, 0% used [0x00000000d5980000,0x00000000d5980000,0x00000000d5a00000)
 ParOldGen       total 446464K, used 446027K [0x0000000080000000, 0x000000009b400000, 0x00000000d5580000)
  object space 446464K, 99% used [0x0000000080000000,0x000000009b392f68,0x000000009b400000)
 Metaspace       used 65585K, committed 67072K, reserved 1114112K
  class space    used 6695K, committed 7360K, reserved 1048576K
}

Dll operation events (10 events):
Event: 0.029 Loaded shared library c:\Users\akash sen\.vscode\extensions\redhat.java-1.43.1-win32-x64\jre\21.0.7-win32-x86_64\bin\java.dll
Event: 0.168 Loaded shared library c:\Users\akash sen\.vscode\extensions\redhat.java-1.43.1-win32-x64\jre\21.0.7-win32-x86_64\bin\zip.dll
Event: 0.220 Loaded shared library C:\Users\akash sen\.vscode\extensions\redhat.java-1.43.1-win32-x64\jre\21.0.7-win32-x86_64\bin\instrument.dll
Event: 0.227 Loaded shared library C:\Users\akash sen\.vscode\extensions\redhat.java-1.43.1-win32-x64\jre\21.0.7-win32-x86_64\bin\net.dll
Event: 0.231 Loaded shared library C:\Users\akash sen\.vscode\extensions\redhat.java-1.43.1-win32-x64\jre\21.0.7-win32-x86_64\bin\nio.dll
Event: 0.237 Loaded shared library C:\Users\akash sen\.vscode\extensions\redhat.java-1.43.1-win32-x64\jre\21.0.7-win32-x86_64\bin\zip.dll
Event: 0.267 Loaded shared library C:\Users\akash sen\.vscode\extensions\redhat.java-1.43.1-win32-x64\jre\21.0.7-win32-x86_64\bin\jimage.dll
Event: 0.387 Loaded shared library c:\Users\akash sen\.vscode\extensions\redhat.java-1.43.1-win32-x64\jre\21.0.7-win32-x86_64\bin\verify.dll
Event: 2.014 Loaded shared library C:\Users\akash sen\AppData\Roaming\Code\User\globalStorage\redhat.java\1.43.1\config_win\org.eclipse.equinox.launcher\org.eclipse.equinox.launcher.win32.win32.x86_64_1.2.1300.v20250331-1702\eclipse_11911.dll
Event: 4.993 Loaded shared library C:\Users\akash sen\AppData\Local\Temp\jna-1850697800\jna3927290760987046446.dll

Deoptimization events (20 events):
Event: 52.670 Thread 0x00000175e866ddc0 DEOPT PACKING pc=0x00000175d0935bce sp=0x0000005cb84fee80
Event: 52.670 Thread 0x00000175e866ddc0 DEOPT UNPACKING pc=0x00000175d6454242 sp=0x0000005cb84fe380 mode 0
Event: 52.750 Thread 0x00000175e866ddc0 DEOPT PACKING pc=0x00000175cf927b9a sp=0x0000005cb84feed0
Event: 52.750 Thread 0x00000175e866ddc0 DEOPT UNPACKING pc=0x00000175d6454242 sp=0x0000005cb84fe2e8 mode 0
Event: 52.755 Thread 0x00000175e866ddc0 DEOPT PACKING pc=0x00000175cf91fa6f sp=0x0000005cb84fedd0
Event: 52.755 Thread 0x00000175e866ddc0 DEOPT UNPACKING pc=0x00000175d6454242 sp=0x0000005cb84fe258 mode 0
Event: 52.757 Thread 0x00000175e866ddc0 DEOPT PACKING pc=0x00000175d09543aa sp=0x0000005cb84fef50
Event: 52.757 Thread 0x00000175e866ddc0 DEOPT UNPACKING pc=0x00000175d6454242 sp=0x0000005cb84fe4d8 mode 0
Event: 52.777 Thread 0x00000175e866ddc0 DEOPT PACKING pc=0x00000175cf927b9a sp=0x0000005cb84feed0
Event: 52.777 Thread 0x00000175e866ddc0 DEOPT UNPACKING pc=0x00000175d6454242 sp=0x0000005cb84fe2e8 mode 0
Event: 52.778 Thread 0x00000175e866ddc0 DEOPT PACKING pc=0x00000175cf91fa6f sp=0x0000005cb84fee40
Event: 52.778 Thread 0x00000175e866ddc0 DEOPT UNPACKING pc=0x00000175d6454242 sp=0x0000005cb84fe2c8 mode 0
Event: 52.795 Thread 0x00000175e866ddc0 DEOPT PACKING pc=0x00000175cf91fa6f sp=0x0000005cb84fee10
Event: 52.795 Thread 0x00000175e866ddc0 DEOPT UNPACKING pc=0x00000175d6454242 sp=0x0000005cb84fe298 mode 0
Event: 52.796 Thread 0x00000175e866ddc0 DEOPT PACKING pc=0x00000175cf927b9a sp=0x0000005cb84feeb0
Event: 52.797 Thread 0x00000175e866ddc0 DEOPT UNPACKING pc=0x00000175d6454242 sp=0x0000005cb84fe2c8 mode 0
Event: 52.801 Thread 0x00000175e866ddc0 DEOPT PACKING pc=0x00000175cfb0f1b0 sp=0x0000005cb84fef50
Event: 52.801 Thread 0x00000175e866ddc0 DEOPT UNPACKING pc=0x00000175d6454242 sp=0x0000005cb84fe398 mode 0
Event: 52.802 Thread 0x00000175e866ddc0 DEOPT PACKING pc=0x00000175d09543aa sp=0x0000005cb84fef50
Event: 52.802 Thread 0x00000175e866ddc0 DEOPT UNPACKING pc=0x00000175d6454242 sp=0x0000005cb84fe4d8 mode 0

Classes loaded (20 events):
Event: 26.277 Loading class sun/nio/fs/WindowsFileSystem$2
Event: 26.278 Loading class java/nio/file/PathMatcher
Event: 26.278 Loading class java/nio/file/PathMatcher done
Event: 26.278 Loading class sun/nio/fs/WindowsFileSystem$2 done
Event: 28.319 Loading class java/util/Collections$SynchronizedRandomAccessList
Event: 28.322 Loading class java/util/Collections$SynchronizedList
Event: 28.324 Loading class java/util/Collections$SynchronizedList done
Event: 28.324 Loading class java/util/Collections$SynchronizedRandomAccessList done
Event: 28.388 Loading class java/util/concurrent/CompletableFuture$Signaller
Event: 28.393 Loading class java/util/concurrent/CompletableFuture$Signaller done
Event: 29.056 Loading class java/nio/charset/CharacterCodingException
Event: 29.057 Loading class java/nio/charset/CharacterCodingException done
Event: 29.057 Loading class java/io/SequenceInputStream
Event: 29.057 Loading class java/io/SequenceInputStream done
Event: 32.075 Loading class sun/nio/cs/ISO_8859_1$Encoder
Event: 32.078 Loading class sun/nio/cs/ISO_8859_1$Encoder done
Event: 32.078 Loading class sun/nio/cs/Surrogate$Parser
Event: 32.090 Loading class sun/nio/cs/Surrogate$Parser done
Event: 32.090 Loading class sun/nio/cs/Surrogate
Event: 32.092 Loading class sun/nio/cs/Surrogate done

Classes unloaded (7 events):
Event: 5.903 Thread 0x00000175cbd8fce0 Unloading class 0x00000175811a1000 'java/lang/invoke/LambdaForm$MH+0x00000175811a1000'
Event: 5.903 Thread 0x00000175cbd8fce0 Unloading class 0x00000175811a0c00 'java/lang/invoke/LambdaForm$MH+0x00000175811a0c00'
Event: 5.903 Thread 0x00000175cbd8fce0 Unloading class 0x00000175811a0800 'java/lang/invoke/LambdaForm$MH+0x00000175811a0800'
Event: 5.903 Thread 0x00000175cbd8fce0 Unloading class 0x00000175811a0400 'java/lang/invoke/LambdaForm$MH+0x00000175811a0400'
Event: 5.903 Thread 0x00000175cbd8fce0 Unloading class 0x00000175811a0000 'java/lang/invoke/LambdaForm$BMH+0x00000175811a0000'
Event: 5.903 Thread 0x00000175cbd8fce0 Unloading class 0x000001758119fc00 'java/lang/invoke/LambdaForm$DMH+0x000001758119fc00'
Event: 5.903 Thread 0x00000175cbd8fce0 Unloading class 0x000001758119e800 'java/lang/invoke/LambdaForm$DMH+0x000001758119e800'

Classes redefined (0 events):
No events

Internal exceptions (20 events):
Event: 29.166 Thread 0x00000175e8670520 Exception <a 'sun/nio/fs/WindowsException'{0x00000000d55bd318}> (0x00000000d55bd318) 
thrown [s\src\hotspot\share\prims\jni.cpp, line 520]
Event: 29.167 Thread 0x00000175e8670520 Exception <a 'sun/nio/fs/WindowsException'{0x00000000d55bdb20}> (0x00000000d55bdb20) 
thrown [s\src\hotspot\share\prims\jni.cpp, line 520]
Event: 29.169 Thread 0x00000175e8670520 Exception <a 'java/lang/IncompatibleClassChangeError'{0x00000000d5621ba8}: Found class java.lang.Object, but interface was expected> (0x00000000d5621ba8) 
thrown [s\src\hotspot\share\interpreter\linkResolver.cpp, line 840]
Event: 29.564 Thread 0x00000175e866d730 Exception <a 'java/lang/NoSuchMethodError'{0x00000000d5871cb0}: 'java.lang.Object java.lang.invoke.DirectMethodHandle$Holder.invokeSpecial(java.lang.Object, java.lang.Object, int, long)'> (0x00000000d5871cb0) 
thrown [s\src\hotspot\share\interpreter\linkResolver.cpp, line 773]
Event: 33.411 Thread 0x00000175e866d730 Implicit null exception at 0x00000175d6f56f29 to 0x00000175d6f57534
Event: 47.627 Thread 0x00000175e866ddc0 Exception <a 'sun/nio/fs/WindowsException'{0x00000000d56f94f0}> (0x00000000d56f94f0) 
thrown [s\src\hotspot\share\prims\jni.cpp, line 520]
Event: 48.252 Thread 0x00000175e866ddc0 Exception <a 'sun/nio/fs/WindowsException'{0x00000000d5740680}> (0x00000000d5740680) 
thrown [s\src\hotspot\share\prims\jni.cpp, line 520]
Event: 48.306 Thread 0x00000175e866ddc0 Exception <a 'sun/nio/fs/WindowsException'{0x00000000d5753198}> (0x00000000d5753198) 
thrown [s\src\hotspot\share\prims\jni.cpp, line 520]
Event: 49.551 Thread 0x00000175e866ddc0 Exception <a 'sun/nio/fs/WindowsException'{0x00000000d55e3a68}> (0x00000000d55e3a68) 
thrown [s\src\hotspot\share\prims\jni.cpp, line 520]
Event: 50.831 Thread 0x00000175e866ddc0 Exception <a 'sun/nio/fs/WindowsException'{0x00000000d562ea20}> (0x00000000d562ea20) 
thrown [s\src\hotspot\share\prims\jni.cpp, line 520]
Event: 50.850 Thread 0x00000175e866ddc0 Exception <a 'sun/nio/fs/WindowsException'{0x00000000d5645628}> (0x00000000d5645628) 
thrown [s\src\hotspot\share\prims\jni.cpp, line 520]
Event: 51.238 Thread 0x00000175e866ddc0 Exception <a 'sun/nio/fs/WindowsException'{0x00000000d55b58a8}> (0x00000000d55b58a8) 
thrown [s\src\hotspot\share\prims\jni.cpp, line 520]
Event: 51.646 Thread 0x00000175e866ddc0 Exception <a 'sun/nio/fs/WindowsException'{0x00000000d56ce8a8}> (0x00000000d56ce8a8) 
thrown [s\src\hotspot\share\prims\jni.cpp, line 520]
Event: 51.745 Thread 0x00000175e866ddc0 Exception <a 'sun/nio/fs/WindowsException'{0x00000000d5773170}> (0x00000000d5773170) 
thrown [s\src\hotspot\share\prims\jni.cpp, line 520]
Event: 52.041 Thread 0x00000175e866ddc0 Exception <a 'sun/nio/fs/WindowsException'{0x00000000d56b1540}> (0x00000000d56b1540) 
thrown [s\src\hotspot\share\prims\jni.cpp, line 520]
Event: 52.066 Thread 0x00000175e866ddc0 Exception <a 'sun/nio/fs/WindowsException'{0x00000000d56db4d8}> (0x00000000d56db4d8) 
thrown [s\src\hotspot\share\prims\jni.cpp, line 520]
Event: 52.162 Thread 0x00000175e866ddc0 Exception <a 'sun/nio/fs/WindowsException'{0x00000000d577a078}> (0x00000000d577a078) 
thrown [s\src\hotspot\share\prims\jni.cpp, line 520]
Event: 52.565 Thread 0x00000175e866ddc0 Exception <a 'sun/nio/fs/WindowsException'{0x00000000d5687f18}> (0x00000000d5687f18) 
thrown [s\src\hotspot\share\prims\jni.cpp, line 520]
Event: 52.577 Thread 0x00000175e866ddc0 Exception <a 'sun/nio/fs/WindowsException'{0x00000000d569f8b8}> (0x00000000d569f8b8) 
thrown [s\src\hotspot\share\prims\jni.cpp, line 520]
Event: 52.729 Thread 0x00000175e866ddc0 Exception <a 'sun/nio/fs/WindowsException'{0x00000000d56c0f28}> (0x00000000d56c0f28) 
thrown [s\src\hotspot\share\prims\jni.cpp, line 520]

ZGC Phase Switch (0 events):
No events

VM Operations (20 events):
Event: 52.330 Executing VM operation: ParallelGCFailedAllocation (Allocation Failure)
Event: 52.333 Executing VM operation: ParallelGCFailedAllocation (Allocation Failure) done
Event: 52.399 Executing VM operation: ParallelGCFailedAllocation (Allocation Failure)
Event: 52.401 Executing VM operation: ParallelGCFailedAllocation (Allocation Failure) done
Event: 52.423 Executing VM operation: ParallelGCFailedAllocation (Allocation Failure)
Event: 52.426 Executing VM operation: ParallelGCFailedAllocation (Allocation Failure) done
Event: 52.478 Executing VM operation: ParallelGCFailedAllocation (Allocation Failure)
Event: 52.481 Executing VM operation: ParallelGCFailedAllocation (Allocation Failure) done
Event: 52.592 Executing VM operation: ParallelGCFailedAllocation (Allocation Failure)
Event: 52.594 Executing VM operation: ParallelGCFailedAllocation (Allocation Failure) done
Event: 52.618 Executing VM operation: ParallelGCFailedAllocation (Allocation Failure)
Event: 52.621 Executing VM operation: ParallelGCFailedAllocation (Allocation Failure) done
Event: 52.645 Executing VM operation: ParallelGCFailedAllocation (Allocation Failure)
Event: 52.648 Executing VM operation: ParallelGCFailedAllocation (Allocation Failure) done
Event: 52.747 Executing VM operation: ParallelGCFailedAllocation (Allocation Failure)
Event: 52.750 Executing VM operation: ParallelGCFailedAllocation (Allocation Failure) done
Event: 52.771 Executing VM operation: ParallelGCFailedAllocation (Allocation Failure)
Event: 52.774 Executing VM operation: ParallelGCFailedAllocation (Allocation Failure) done
Event: 52.797 Executing VM operation: ParallelGCFailedAllocation (Allocation Failure)
Event: 52.799 Executing VM operation: ParallelGCFailedAllocation (Allocation Failure) done

Memory protections (0 events):
No events

Nmethod flushes (20 events):
Event: 20.017 Thread 0x00000175cbd8fce0 flushing  nmethod 0x00000175cf7d6e10
Event: 20.017 Thread 0x00000175cbd8fce0 flushing  nmethod 0x00000175cf7dd890
Event: 20.017 Thread 0x00000175cbd8fce0 flushing  nmethod 0x00000175cf7ee290
Event: 20.017 Thread 0x00000175cbd8fce0 flushing  nmethod 0x00000175cf831d90
Event: 20.017 Thread 0x00000175cbd8fce0 flushing  nmethod 0x00000175cf832f90
Event: 20.017 Thread 0x00000175cbd8fce0 flushing  nmethod 0x00000175cf833f10
Event: 20.017 Thread 0x00000175cbd8fce0 flushing  nmethod 0x00000175cf834690
Event: 20.017 Thread 0x00000175cbd8fce0 flushing  nmethod 0x00000175cf834c10
Event: 20.017 Thread 0x00000175cbd8fce0 flushing  nmethod 0x00000175cf836810
Event: 20.017 Thread 0x00000175cbd8fce0 flushing  nmethod 0x00000175cf83ae90
Event: 20.017 Thread 0x00000175cbd8fce0 flushing  nmethod 0x00000175cf842c10
Event: 20.017 Thread 0x00000175cbd8fce0 flushing  nmethod 0x00000175cf843510
Event: 20.017 Thread 0x00000175cbd8fce0 flushing  nmethod 0x00000175cf844590
Event: 20.017 Thread 0x00000175cbd8fce0 flushing  nmethod 0x00000175cf844910
Event: 20.017 Thread 0x00000175cbd8fce0 flushing  nmethod 0x00000175cf845090
Event: 20.017 Thread 0x00000175cbd8fce0 flushing  nmethod 0x00000175cf845490
Event: 20.017 Thread 0x00000175cbd8fce0 flushing  nmethod 0x00000175cf845b10
Event: 20.017 Thread 0x00000175cbd8fce0 flushing  nmethod 0x00000175cf846110
Event: 20.017 Thread 0x00000175cbd8fce0 flushing  nmethod 0x00000175cf846510
Event: 20.017 Thread 0x00000175cbd8fce0 flushing  nmethod 0x00000175cf846f90

Events (20 events):
Event: 23.237 Thread 0x00000175e866e450 Thread added: 0x00000175e887b580
Event: 23.237 Thread 0x00000175e866e450 Thread added: 0x00000175e887bc10
Event: 23.237 Thread 0x00000175e866e450 Thread added: 0x00000175e887c2a0
Event: 23.286 Thread 0x00000175e866e450 Thread added: 0x00000175e86725f0
Event: 24.225 Thread 0x00000175e8879b40 Thread exited: 0x00000175e8879b40
Event: 24.225 Thread 0x00000175e86725f0 Thread exited: 0x00000175e86725f0
Event: 24.225 Thread 0x00000175e887bc10 Thread exited: 0x00000175e887bc10
Event: 24.225 Thread 0x00000175e887b580 Thread exited: 0x00000175e887b580
Event: 24.228 Thread 0x00000175e887c2a0 Thread exited: 0x00000175e887c2a0
Event: 24.955 Thread 0x00000175e866e450 Thread added: 0x00000175e374ae90
Event: 24.955 Thread 0x00000175e866e450 Thread added: 0x00000175e374bbb0
Event: 24.956 Thread 0x00000175e866e450 Thread added: 0x00000175e374c8d0
Event: 24.956 Thread 0x00000175e866e450 Thread added: 0x00000175e374e310
Event: 24.956 Thread 0x00000175e866e450 Thread added: 0x00000175e374b520
Event: 25.124 Thread 0x00000175e374c8d0 Thread exited: 0x00000175e374c8d0
Event: 25.124 Thread 0x00000175e374e310 Thread exited: 0x00000175e374e310
Event: 25.126 Thread 0x00000175e374bbb0 Thread exited: 0x00000175e374bbb0
Event: 25.126 Thread 0x00000175e374b520 Thread exited: 0x00000175e374b520
Event: 25.126 Thread 0x00000175e374ae90 Thread exited: 0x00000175e374ae90
Event: 34.367 Thread 0x00000175e866d730 Thread added: 0x00000175e374d5f0


Dynamic libraries:
0x00007ff742b30000 - 0x00007ff742b3e000 	c:\Users\akash sen\.vscode\extensions\redhat.java-1.43.1-win32-x64\jre\21.0.7-win32-x86_64\bin\java.exe
0x00007ffcce230000 - 0x00007ffcce428000 	C:\WINDOWS\SYSTEM32\ntdll.dll
0x00007ffccc9b0000 - 0x00007ffccca72000 	C:\WINDOWS\System32\KERNEL32.DLL
0x00007ffccba70000 - 0x00007ffccbd66000 	C:\WINDOWS\System32\KERNELBASE.dll
0x00007ffccb970000 - 0x00007ffccba70000 	C:\WINDOWS\System32\ucrtbase.dll
0x00007ffcc4640000 - 0x00007ffcc465e000 	c:\Users\akash sen\.vscode\extensions\redhat.java-1.43.1-win32-x64\jre\21.0.7-win32-x86_64\bin\VCRUNTIME140.dll
0x00007ffcc4b40000 - 0x00007ffcc4b58000 	c:\Users\akash sen\.vscode\extensions\redhat.java-1.43.1-win32-x64\jre\21.0.7-win32-x86_64\bin\jli.dll
0x00007ffccc3e0000 - 0x00007ffccc57d000 	C:\WINDOWS\System32\USER32.dll
0x00007ffcb4630000 - 0x00007ffcb48ca000 	C:\WINDOWS\WinSxS\amd64_microsoft.windows.common-controls_6595b64144ccf1df_6.0.19041.5915_none_60b4b9d171f9c7c7\COMCTL32.dll
0x00007ffccd1c0000 - 0x00007ffccd25e000 	C:\WINDOWS\System32\msvcrt.dll
0x00007ffccbf80000 - 0x00007ffccbfa2000 	C:\WINDOWS\System32\win32u.dll
0x00007ffcce0f0000 - 0x00007ffcce11b000 	C:\WINDOWS\System32\GDI32.dll
0x00007ffccbdc0000 - 0x00007ffccbed9000 	C:\WINDOWS\System32\gdi32full.dll
0x00007ffccbee0000 - 0x00007ffccbf7d000 	C:\WINDOWS\System32\msvcp_win.dll
0x00007ffccc3b0000 - 0x00007ffccc3df000 	C:\WINDOWS\System32\IMM32.DLL
0x00007ffcc88a0000 - 0x00007ffcc88ac000 	c:\Users\akash sen\.vscode\extensions\redhat.java-1.43.1-win32-x64\jre\21.0.7-win32-x86_64\bin\vcruntime140_1.dll
0x00007ffc9ee50000 - 0x00007ffc9eedd000 	c:\Users\akash sen\.vscode\extensions\redhat.java-1.43.1-win32-x64\jre\21.0.7-win32-x86_64\bin\msvcp140.dll
0x00007ffc83680000 - 0x00007ffc84410000 	c:\Users\akash sen\.vscode\extensions\redhat.java-1.43.1-win32-x64\jre\21.0.7-win32-x86_64\bin\server\jvm.dll
0x00007ffccca80000 - 0x00007ffcccb31000 	C:\WINDOWS\System32\ADVAPI32.dll
0x00007ffccc260000 - 0x00007ffccc2ff000 	C:\WINDOWS\System32\sechost.dll
0x00007ffccc880000 - 0x00007ffccc9a3000 	C:\WINDOWS\System32\RPCRT4.dll
0x00007ffccb940000 - 0x00007ffccb967000 	C:\WINDOWS\System32\bcrypt.dll
0x00007ffccd260000 - 0x00007ffccd2cb000 	C:\WINDOWS\System32\WS2_32.dll
0x00007ffccb600000 - 0x00007ffccb64b000 	C:\WINDOWS\SYSTEM32\POWRPROF.dll
0x00007ffcb4c00000 - 0x00007ffcb4c27000 	C:\WINDOWS\SYSTEM32\WINMM.dll
0x00007ffcc1310000 - 0x00007ffcc131a000 	C:\WINDOWS\SYSTEM32\VERSION.dll
0x00007ffccb430000 - 0x00007ffccb442000 	C:\WINDOWS\SYSTEM32\UMPDC.dll
0x00007ffcca0a0000 - 0x00007ffcca0b2000 	C:\WINDOWS\SYSTEM32\kernel.appcore.dll
0x00007ffcc4300000 - 0x00007ffcc430a000 	c:\Users\akash sen\.vscode\extensions\redhat.java-1.43.1-win32-x64\jre\21.0.7-win32-x86_64\bin\jimage.dll
0x00007ffcc9d10000 - 0x00007ffcc9f11000 	C:\WINDOWS\SYSTEM32\DBGHELP.DLL
0x00007ffcac6a0000 - 0x00007ffcac6d4000 	C:\WINDOWS\SYSTEM32\dbgcore.DLL
0x00007ffccc1c0000 - 0x00007ffccc242000 	C:\WINDOWS\System32\bcryptPrimitives.dll
0x00007ffcc65f0000 - 0x00007ffcc65ff000 	c:\Users\akash sen\.vscode\extensions\redhat.java-1.43.1-win32-x64\jre\21.0.7-win32-x86_64\bin\instrument.dll
0x00007ffcc30f0000 - 0x00007ffcc310f000 	c:\Users\akash sen\.vscode\extensions\redhat.java-1.43.1-win32-x64\jre\21.0.7-win32-x86_64\bin\java.dll
0x00007ffccd770000 - 0x00007ffccdede000 	C:\WINDOWS\System32\SHELL32.dll
0x00007ffcc9440000 - 0x00007ffcc9be4000 	C:\WINDOWS\SYSTEM32\windows.storage.dll
0x00007ffcccc60000 - 0x00007ffcccfb3000 	C:\WINDOWS\System32\combase.dll
0x00007ffccb280000 - 0x00007ffccb2ab000 	C:\WINDOWS\SYSTEM32\Wldp.dll
0x00007ffcce120000 - 0x00007ffcce1ed000 	C:\WINDOWS\System32\OLEAUT32.dll
0x00007ffccc300000 - 0x00007ffccc3ad000 	C:\WINDOWS\System32\SHCORE.dll
0x00007ffccc820000 - 0x00007ffccc87b000 	C:\WINDOWS\System32\shlwapi.dll
0x00007ffccb7f0000 - 0x00007ffccb814000 	C:\WINDOWS\SYSTEM32\profapi.dll
0x00007ffcbb810000 - 0x00007ffcbb828000 	c:\Users\akash sen\.vscode\extensions\redhat.java-1.43.1-win32-x64\jre\21.0.7-win32-x86_64\bin\zip.dll
0x00007ffcc42e0000 - 0x00007ffcc42f0000 	C:\Users\akash sen\.vscode\extensions\redhat.java-1.43.1-win32-x64\jre\21.0.7-win32-x86_64\bin\net.dll
0x00007ffcc5e10000 - 0x00007ffcc5f1a000 	C:\WINDOWS\SYSTEM32\WINHTTP.dll
0x00007ffccafe0000 - 0x00007ffccb04a000 	C:\WINDOWS\system32\mswsock.dll
0x00007ffc9f260000 - 0x00007ffc9f276000 	C:\Users\akash sen\.vscode\extensions\redhat.java-1.43.1-win32-x64\jre\21.0.7-win32-x86_64\bin\nio.dll
0x00007ffcc42f0000 - 0x00007ffcc4300000 	c:\Users\akash sen\.vscode\extensions\redhat.java-1.43.1-win32-x64\jre\21.0.7-win32-x86_64\bin\verify.dll
0x00007ffc9ec60000 - 0x00007ffc9eca5000 	C:\Users\akash sen\AppData\Roaming\Code\User\globalStorage\redhat.java\1.43.1\config_win\org.eclipse.equinox.launcher\org.eclipse.equinox.launcher.win32.win32.x86_64_1.2.1300.v20250331-1702\eclipse_11911.dll
0x00007ffccc600000 - 0x00007ffccc72b000 	C:\WINDOWS\System32\ole32.dll
0x00007ffccb1d0000 - 0x00007ffccb1e8000 	C:\WINDOWS\SYSTEM32\CRYPTSP.dll
0x00007ffcca870000 - 0x00007ffcca8a8000 	C:\WINDOWS\system32\rsaenh.dll
0x00007ffccb7b0000 - 0x00007ffccb7de000 	C:\WINDOWS\SYSTEM32\USERENV.dll
0x00007ffccb1f0000 - 0x00007ffccb1fc000 	C:\WINDOWS\SYSTEM32\CRYPTBASE.dll
0x00007ffccacc0000 - 0x00007ffccacfb000 	C:\WINDOWS\SYSTEM32\IPHLPAPI.DLL
0x00007ffccd760000 - 0x00007ffccd768000 	C:\WINDOWS\System32\NSI.dll
0x00007ffc9e910000 - 0x00007ffc9e959000 	C:\Users\akash sen\AppData\Local\Temp\jna-1850697800\jna3927290760987046446.dll
0x00007ffccc250000 - 0x00007ffccc258000 	C:\WINDOWS\System32\PSAPI.DLL
0x00007ffcc24a0000 - 0x00007ffcc24b7000 	C:\WINDOWS\SYSTEM32\dhcpcsvc6.DLL
0x00007ffcc2120000 - 0x00007ffcc213d000 	C:\WINDOWS\SYSTEM32\dhcpcsvc.DLL
0x00007ffccab50000 - 0x00007ffccab83000 	C:\WINDOWS\SYSTEM32\ntmarta.dll

dbghelp: loaded successfully - version: 4.0.5 - missing functions: none
symbol engine: initialized successfully - sym options: 0x614 - pdb path: .;c:\Users\akash sen\.vscode\extensions\redhat.java-1.43.1-win32-x64\jre\21.0.7-win32-x86_64\bin;C:\WINDOWS\SYSTEM32;C:\WINDOWS\WinSxS\amd64_microsoft.windows.common-controls_6595b64144ccf1df_6.0.19041.5915_none_60b4b9d171f9c7c7;c:\Users\akash sen\.vscode\extensions\redhat.java-1.43.1-win32-x64\jre\21.0.7-win32-x86_64\bin\server;C:\Users\akash sen\AppData\Roaming\Code\User\globalStorage\redhat.java\1.43.1\config_win\org.eclipse.equinox.launcher\org.eclipse.equinox.launcher.win32.win32.x86_64_1.2.1300.v20250331-1702;C:\Users\akash sen\AppData\Local\Temp\jna-1850697800

VM Arguments:
jvm_args: --add-modules=ALL-SYSTEM --add-opens=java.base/java.util=ALL-UNNAMED --add-opens=java.base/java.lang=ALL-UNNAMED --add-opens=java.base/sun.nio.fs=ALL-UNNAMED -Declipse.application=org.eclipse.jdt.ls.core.id1 -Dosgi.bundles.defaultStartLevel=4 -Declipse.product=org.eclipse.jdt.ls.core.product -Djava.import.generatesMetadataFilesAtProjectRoot=false -DDetectVMInstallationsJob.disabled=true -Dfile.encoding=utf8 -XX:+UseParallelGC -XX:GCTimeRatio=4 -XX:AdaptiveSizePolicyWeight=90 -Dsun.zip.disableMemoryMapping=true -Xmx2G -Xms100m -Xlog:disable -javaagent:c:\Users\akash sen\.vscode\extensions\redhat.java-1.43.1-win32-x64\lombok\lombok-1.18.39-4050.jar -XX:+HeapDumpOnOutOfMemoryError -XX:HeapDumpPath=c:\Users\akash sen\AppData\Roaming\Code\User\workspaceStorage\9eed6be392607e9ccd44ab1b1a46ccb0\redhat.java -Daether.dependencyCollector.impl=bf 
java_command: c:\Users\akash sen\.vscode\extensions\redhat.java-1.43.1-win32-x64\server\plugins\org.eclipse.equinox.launcher_1.7.0.v20250519-0528.jar -configuration c:\Users\akash sen\AppData\Roaming\Code\User\globalStorage\redhat.java\1.43.1\config_win -data c:\Users\akash sen\AppData\Roaming\Code\User\workspaceStorage\9eed6be392607e9ccd44ab1b1a46ccb0\redhat.java\jdt_ws --pipe=\\.\pipe\lsp-64c47e82f2f6d69baacab8cf5179659b-sock
java_class_path (initial): c:\Users\akash sen\.vscode\extensions\redhat.java-1.43.1-win32-x64\server\plugins\org.eclipse.equinox.launcher_1.7.0.v20250519-0528.jar
Launcher Type: SUN_STANDARD

[Global flags]
    uintx AdaptiveSizePolicyWeight                 = 90                                        {product} {command line}
     intx CICompilerCount                          = 3                                         {product} {ergonomic}
    uintx GCTimeRatio                              = 4                                         {product} {command line}
     bool HeapDumpOnOutOfMemoryError               = true                                   {manageable} {command line}
    ccstr HeapDumpPath                             = c:\Users\akash sen\AppData\Roaming\Code\User\workspaceStorage\9eed6be392607e9ccd44ab1b1a46ccb0\redhat.java         {manageable} {command line}
   size_t InitialHeapSize                          = 104857600                                 {product} {command line}
   size_t MaxHeapSize                              = 2147483648                                {product} {command line}
   size_t MaxNewSize                               = 715653120                                 {product} {ergonomic}
   size_t MinHeapDeltaBytes                        = 524288                                    {product} {ergonomic}
   size_t MinHeapSize                              = 104857600                                 {product} {command line}
   size_t NewSize                                  = 34603008                                  {product} {ergonomic}
    uintx NonNMethodCodeHeapSize                   = 5832780                                {pd product} {ergonomic}
    uintx NonProfiledCodeHeapSize                  = 122912730                              {pd product} {ergonomic}
   size_t OldSize                                  = 70254592                                  {product} {ergonomic}
    uintx ProfiledCodeHeapSize                     = 122912730                              {pd product} {ergonomic}
    uintx ReservedCodeCacheSize                    = 251658240                              {pd product} {ergonomic}
     bool SegmentedCodeCache                       = true                                      {product} {ergonomic}
   size_t SoftMaxHeapSize                          = 2147483648                             {manageable} {ergonomic}
     bool UseCompressedOops                        = true                           {product lp64_product} {ergonomic}
     bool UseLargePagesIndividualAllocation        = false                                  {pd product} {ergonomic}
     bool UseParallelGC                            = true                                      {product} {command line}

Logging:
Log output configuration:
 #0: stdout all=off uptime,level,tags foldmultilines=false
 #1: stderr all=off uptime,level,tags foldmultilines=false

Environment Variables:
JAVA_HOME=C:\Users\akash sen\AppData\Local\Programs\Eclipse Adoptium\jdk-17.0.7.7-hotspot\
PATH=C:\Python313\Scripts\;C:\Python313\;C:\Python312\Scripts\;C:\Python312\;C:\oraclexe\app\oracle\product\10.2.0\server\bin;C:\Program Files\Common Files\Oracle\Java\javapath;C:\WINDOWS\system32;C:\WINDOWS;C:\WINDOWS\System32\Wbem;C:\WINDOWS\System32\WindowsPowerShell\v1.0\;C:\WINDOWS\System32\OpenSSH\;C:\Program Files (x86)\Intel\Intel(R) Management Engine Components\DAL;C:\Program Files\Intel\Intel(R) Management Engine Components\DAL;C:\MinGW\bin;C:\Windows\System32\cmd.exe;C:\Users\akash sen\anaconda3\Scripts;C:\Users\akash sen\anaconda3\Lib\site-packages\bardapi;C:\Program Files\Git\cmd;C:\Users\akash sen\anaconda3\Lib;C:\Users\akash sen\anaconda3\bin;C:\Users\akash sen\anaconda3\Lib\site-packages;C:\ProgramData\chocolatey\bin;C:\nodejs\node_modules\npm\node_modules;C:\nodejs\node_modules;C:\Users\akash sen\AppData\Roaming\Python\Python312\Scripts;C:\Python312\Scripts\;C:\apache-maven-3.9.10\bin;C:\Program Files\nodejs\;C:\Program Files\Docker\Docker\resources\bin;C:\Program Files\MySQL\MySQL Shell 8.0\bin\;C:\Users\akash sen\AppData\Local\Programs\Eclipse Adoptium\jdk-17.0.7.7-hotspot\bin;C:\Users\akash sen\anaconda3;C:\Users\akash sen\anaconda3\Library\usr\bin;C:\Users\akash sen\anaconda3\Library\bin;C:\Users\akash sen\anaconda3\Scripts;C:\Users\akash sen\AppData\Local\Microsoft\WindowsApps;C:\Users\akash sen\AppData\Local\Programs\Microsoft VS Code\bin;C:\msys64\mingw-w64-v9.0.0;C:\MinGW\bin;C:\flutter\bin;C:\Users\akash sen\AppData\Local\GitHubDesktop\bin;C:\Users\akash sen\AppData\Roaming\Python\Python312\site-packages;C:\Users\akash sen\AppData\Roaming\npm
USERNAME=akash sen
OS=Windows_NT
PROCESSOR_IDENTIFIER=Intel64 Family 6 Model 142 Stepping 12, GenuineIntel
TMP=C:\Users\akash sen\AppData\Local\Temp
TEMP=C:\Users\akash sen\AppData\Local\Temp




Periodic native trim disabled

---------------  S Y S T E M  ---------------

OS:
 Windows 10 , 64 bit Build 19041 (10.0.19041.5915)
OS uptime: 3 days 1:47 hours
Hyper-V role detected

CPU: total 4 (initial active 4) (2 cores per cpu, 2 threads per core) family 6 model 142 stepping 12 microcode 0xb8, cx8, cmov, fxsr, ht, mmx, 3dnowpref, sse, sse2, sse3, ssse3, sse4.1, sse4.2, popcnt, lzcnt, tsc, tscinvbit, avx, avx2, aes, erms, clmul, bmi1, bmi2, adx, fma, vzeroupper, clflush, clflushopt, hv, rdtscp, f16c
Processor Information for processor 0
  Max Mhz: 2304, Current Mhz: 2103, Mhz Limit: 2096
Processor Information for processor 1
  Max Mhz: 2304, Current Mhz: 2103, Mhz Limit: 2096
Processor Information for processor 2
  Max Mhz: 2304, Current Mhz: 2103, Mhz Limit: 2096
Processor Information for processor 3
  Max Mhz: 2304, Current Mhz: 1402, Mhz Limit: 2096

Memory: 4k page, system-wide physical 3872M (103M free)
TotalPageFile size 15648M (AvailPageFile size 7M)
current process WorkingSet (physical memory assigned to process): 224M, peak: 307M
current process commit charge ("private bytes"): 720M, peak: 721M

vm_info: OpenJDK 64-Bit Server VM (21.0.7+6-LTS) for windows-amd64 JRE (21.0.7+6-LTS), built on 2025-04-15T00:00:00Z by "admin" with MS VC++ 17.7 (VS2022)

END.
