#
# There is insufficient memory for the Java Runtime Environment to continue.
# Native memory allocation (malloc) failed to allocate 1516176 bytes. Error detail: Chunk::new
# Possible reasons:
#   The system is out of physical RAM or swap space
#   This process is running with CompressedOops enabled, and the Java Heap may be blocking the growth of the native heap
# Possible solutions:
#   Reduce memory load on the system
#   Increase physical memory or swap space
#   Check if swap backing store is full
#   Decrease Java heap size (-Xmx/-Xms)
#   Decrease number of Java threads
#   Decrease Java thread stack sizes (-Xss)
#   Set larger code cache with -XX:ReservedCodeCacheSize=
#   JVM is running with Unscaled Compressed Oops mode in which the Java heap is
#     placed in the first 4GB address space. The Java Heap base address is the
#     maximum limit for the native heap growth. Please use -XX:HeapBaseMinAddress
#     to set the Java Heap base and to place the Java Heap above 4GB virtual address.
# This output file may be truncated or incomplete.
#
#  Out of Memory Error (arena.cpp:168), pid=32476, tid=9356
#
# JRE version: OpenJDK Runtime Environment Temurin-21.0.7+6 (21.0.7+6) (build 21.0.7+6-LTS)
# Java VM: OpenJDK 64-Bit Server VM Temurin-21.0.7+6 (21.0.7+6-LTS, mixed mode, sharing, tiered, compressed oops, compressed class ptrs, parallel gc, windows-amd64)
# No core dump will be written. Minidumps are not enabled by default on client versions of Windows
#

---------------  S U M M A R Y ------------

Command Line: --add-modules=ALL-SYSTEM --add-opens=java.base/java.util=ALL-UNNAMED --add-opens=java.base/java.lang=ALL-UNNAMED --add-opens=java.base/sun.nio.fs=ALL-UNNAMED -Declipse.application=org.eclipse.jdt.ls.core.id1 -Dosgi.bundles.defaultStartLevel=4 -Declipse.product=org.eclipse.jdt.ls.core.product -Djava.import.generatesMetadataFilesAtProjectRoot=false -DDetectVMInstallationsJob.disabled=true -Dfile.encoding=utf8 -XX:+UseParallelGC -XX:GCTimeRatio=4 -XX:AdaptiveSizePolicyWeight=90 -Dsun.zip.disableMemoryMapping=true -Xmx2G -Xms100m -Xlog:disable -javaagent:c:\Users\akash sen\.vscode\extensions\redhat.java-1.43.1-win32-x64\lombok\lombok-1.18.39-4050.jar -XX:+HeapDumpOnOutOfMemoryError -XX:HeapDumpPath=c:\Users\akash sen\AppData\Roaming\Code\User\workspaceStorage\9eed6be392607e9ccd44ab1b1a46ccb0\redhat.java -Daether.dependencyCollector.impl=bf c:\Users\akash sen\.vscode\extensions\redhat.java-1.43.1-win32-x64\server\plugins\org.eclipse.equinox.launcher_1.7.0.v20250519-0528.jar -configuration c:\Users\akash sen\AppData\Roaming\Code\User\globalStorage\redhat.java\1.43.1\config_win -data c:\Users\akash sen\AppData\Roaming\Code\User\workspaceStorage\9eed6be392607e9ccd44ab1b1a46ccb0\redhat.java\jdt_ws --pipe=\\.\pipe\lsp-194184399a615f1b9c825048d5368161-sock

Host: Intel(R) Core(TM) i3-8145U CPU @ 2.10GHz, 4 cores, 3G,  Windows 10 , 64 bit Build 19041 (10.0.19041.5915)
Time: Fri Aug  1 01:25:17 2025 India Standard Time elapsed time: 45.995971 seconds (0d 0h 0m 45s)

---------------  T H R E A D  ---------------

Current thread (0x000002926e2bf5c0):  JavaThread "C2 CompilerThread0" daemon [_thread_in_native, id=9356, stack(0x000000929f100000,0x000000929f200000) (1024K)]


Current CompileTask:
C2:45996 12806 % !   4       org.eclipse.jdt.internal.core.search.indexing.BinaryIndexer::indexDocument @ 559 (1168 bytes)

Stack: [0x000000929f100000,0x000000929f200000]
Native frames: (J=compiled Java code, j=interpreted, Vv=VM code, C=native code)
V  [jvm.dll+0x6ce119]
V  [jvm.dll+0x8a84a1]
V  [jvm.dll+0x8aa9ce]
V  [jvm.dll+0x8ab0b3]
V  [jvm.dll+0x27f8a6]
V  [jvm.dll+0xc507d]
V  [jvm.dll+0xc55b3]
V  [jvm.dll+0x3b68f2]
V  [jvm.dll+0x1e0029]
V  [jvm.dll+0x247c42]
V  [jvm.dll+0x2470cf]
V  [jvm.dll+0x1c760e]
V  [jvm.dll+0x25695a]
V  [jvm.dll+0x254efa]
V  [jvm.dll+0x3f03f6]
V  [jvm.dll+0x851f6b]
V  [jvm.dll+0x6cc7dd]
C  [ucrtbase.dll+0x21bb2]
C  [KERNEL32.DLL+0x17374]
C  [ntdll.dll+0x4cc91]


---------------  P R O C E S S  ---------------

Threads class SMR info:
_java_thread_list=0x0000029273194830, length=43, elements={
0x00000292578d0b50, 0x000002926e2ab890, 0x000002926e2acee0, 0x000002926e2ae8b0,
0x000002926e2af7c0, 0x000002926e2b1dc0, 0x000002926e2bdff0, 0x000002926e2bf5c0,
0x000002926e2c5db0, 0x000002925793e680, 0x000002927326b5d0, 0x00000292737b9f70,
0x000002927372eef0, 0x0000029273768cf0, 0x0000029273745530, 0x0000029274066770,
0x0000029273f0fe50, 0x0000029273159d30, 0x00000292731575d0, 0x0000029273159010,
0x00000292731596a0, 0x0000029273156f40, 0x0000029273157c60, 0x000002927315a3c0,
0x00000292731582f0, 0x0000029273158980, 0x0000029276857e40, 0x0000029276858b60,
0x0000029276859880, 0x000002927685edd0, 0x000002927685bfe0, 0x000002927685ac30,
0x000002927685cd00, 0x000002927685da20, 0x000002927685a5a0, 0x00000292768584d0,
0x00000292768591f0, 0x000002927685b2c0, 0x000002927685d390, 0x0000029276bd48e0,
0x0000029276bd69b0, 0x0000029276bd7040, 0x0000029276bd00b0
}

Java Threads: ( => current thread )
  0x00000292578d0b50 JavaThread "main"                              [_thread_blocked, id=9156, stack(0x000000929e700000,0x000000929e800000) (1024K)]
  0x000002926e2ab890 JavaThread "Reference Handler"          daemon [_thread_blocked, id=27236, stack(0x000000929eb00000,0x000000929ec00000) (1024K)]
  0x000002926e2acee0 JavaThread "Finalizer"                  daemon [_thread_blocked, id=47948, stack(0x000000929ec00000,0x000000929ed00000) (1024K)]
  0x000002926e2ae8b0 JavaThread "Signal Dispatcher"          daemon [_thread_blocked, id=14896, stack(0x000000929ed00000,0x000000929ee00000) (1024K)]
  0x000002926e2af7c0 JavaThread "Attach Listener"            daemon [_thread_blocked, id=19176, stack(0x000000929ee00000,0x000000929ef00000) (1024K)]
  0x000002926e2b1dc0 JavaThread "Service Thread"             daemon [_thread_blocked, id=8892, stack(0x000000929ef00000,0x000000929f000000) (1024K)]
  0x000002926e2bdff0 JavaThread "Monitor Deflation Thread"   daemon [_thread_blocked, id=19316, stack(0x000000929f000000,0x000000929f100000) (1024K)]
=>0x000002926e2bf5c0 JavaThread "C2 CompilerThread0"         daemon [_thread_in_native, id=9356, stack(0x000000929f100000,0x000000929f200000) (1024K)]
  0x000002926e2c5db0 JavaThread "C1 CompilerThread0"         daemon [_thread_blocked, id=43048, stack(0x000000929f200000,0x000000929f300000) (1024K)]
  0x000002925793e680 JavaThread "Common-Cleaner"             daemon [_thread_blocked, id=35844, stack(0x000000929f300000,0x000000929f400000) (1024K)]
  0x000002927326b5d0 JavaThread "Notification Thread"        daemon [_thread_blocked, id=46384, stack(0x000000929f400000,0x000000929f500000) (1024K)]
  0x00000292737b9f70 JavaThread "Active Thread: Equinox Container: 07da410c-505f-4820-8765-093d60144828"        [_thread_blocked, id=37324, stack(0x000000929f800000,0x000000929f900000) (1024K)]
  0x000002927372eef0 JavaThread "Refresh Thread: Equinox Container: 07da410c-505f-4820-8765-093d60144828" daemon [_thread_blocked, id=21184, stack(0x000000929f900000,0x000000929fa00000) (1024K)]
  0x0000029273768cf0 JavaThread "Framework Event Dispatcher: Equinox Container: 07da410c-505f-4820-8765-093d60144828" daemon [_thread_blocked, id=16484, stack(0x000000929fa00000,0x000000929fb00000) (1024K)]
  0x0000029273745530 JavaThread "Start Level: Equinox Container: 07da410c-505f-4820-8765-093d60144828" daemon [_thread_blocked, id=27640, stack(0x000000929fb00000,0x000000929fc00000) (1024K)]
  0x0000029274066770 JavaThread "Bundle File Closer"         daemon [_thread_blocked, id=32932, stack(0x000000929fc00000,0x000000929fd00000) (1024K)]
  0x0000029273f0fe50 JavaThread "SCR Component Actor"        daemon [_thread_blocked, id=42232, stack(0x000000929fd00000,0x000000929fe00000) (1024K)]
  0x0000029273159d30 JavaThread "Worker-JM"                         [_thread_blocked, id=24248, stack(0x000000929ff00000,0x00000092a0000000) (1024K)]
  0x00000292731575d0 JavaThread "JNA Cleaner"                daemon [_thread_blocked, id=42976, stack(0x00000092a0000000,0x00000092a0100000) (1024K)]
  0x0000029273159010 JavaThread "Worker-0"                          [_thread_blocked, id=11728, stack(0x00000092a0100000,0x00000092a0200000) (1024K)]
  0x00000292731596a0 JavaThread "Worker-1: Initialize Workspace"        [_thread_blocked, id=17620, stack(0x00000092a0200000,0x00000092a0300000) (1024K)]
  0x0000029273156f40 JavaThread "Worker-2: Initialize workspace"        [_thread_blocked, id=31060, stack(0x00000092a0300000,0x00000092a0400000) (1024K)]
  0x0000029273157c60 JavaThread "Java indexing"              daemon [_thread_blocked, id=42192, stack(0x00000092a0400000,0x00000092a0500000) (1024K)]
  0x000002927315a3c0 JavaThread "Worker-3: Java indexing... "        [_thread_blocked, id=7376, stack(0x00000092a0500000,0x00000092a0600000) (1024K)]
  0x00000292731582f0 JavaThread "Worker-4"                          [_thread_blocked, id=19424, stack(0x00000092a0600000,0x00000092a0700000) (1024K)]
  0x0000029273158980 JavaThread "Thread-2"                   daemon [_thread_in_native, id=16680, stack(0x00000092a0700000,0x00000092a0800000) (1024K)]
  0x0000029276857e40 JavaThread "Thread-3"                   daemon [_thread_in_native, id=27776, stack(0x00000092a0800000,0x00000092a0900000) (1024K)]
  0x0000029276858b60 JavaThread "Thread-4"                   daemon [_thread_in_native, id=30228, stack(0x00000092a0900000,0x00000092a0a00000) (1024K)]
  0x0000029276859880 JavaThread "Thread-5"                   daemon [_thread_in_native, id=2604, stack(0x00000092a0a00000,0x00000092a0b00000) (1024K)]
  0x000002927685edd0 JavaThread "Thread-6"                   daemon [_thread_in_native, id=13336, stack(0x00000092a0b00000,0x00000092a0c00000) (1024K)]
  0x000002927685bfe0 JavaThread "pool-2-thread-1"                   [_thread_blocked, id=1108, stack(0x00000092a0c00000,0x00000092a0d00000) (1024K)]
  0x000002927685ac30 JavaThread "WorkspaceEventsHandler"            [_thread_blocked, id=44116, stack(0x00000092a0d00000,0x00000092a0e00000) (1024K)]
  0x000002927685cd00 JavaThread "pool-1-thread-1"                   [_thread_blocked, id=28892, stack(0x00000092a0e00000,0x00000092a0f00000) (1024K)]
  0x000002927685da20 JavaThread "LocalFile Deleter"          daemon [_thread_blocked, id=38372, stack(0x000000929fe00000,0x000000929ff00000) (1024K)]
  0x000002927685a5a0 JavaThread "LocalFile Deleter"          daemon [_thread_blocked, id=13328, stack(0x00000092a0f00000,0x00000092a1000000) (1024K)]
  0x00000292768584d0 JavaThread "LocalFile Deleter"          daemon [_thread_blocked, id=14820, stack(0x00000092a1000000,0x00000092a1100000) (1024K)]
  0x00000292768591f0 JavaThread "LocalFile Deleter"          daemon [_thread_blocked, id=36180, stack(0x00000092a1100000,0x00000092a1200000) (1024K)]
  0x000002927685b2c0 JavaThread "Compiler Source File Reader" daemon [_thread_blocked, id=19816, stack(0x00000092a1200000,0x00000092a1300000) (1024K)]
  0x000002927685d390 JavaThread "Compiler Source File Reader" daemon [_thread_blocked, id=13248, stack(0x00000092a1300000,0x00000092a1400000) (1024K)]
  0x0000029276bd48e0 JavaThread "Compiler Processing Task"   daemon [_thread_blocked, id=20520, stack(0x00000092a1400000,0x00000092a1500000) (1024K)]
  0x0000029276bd69b0 JavaThread "Compiler Class File Writer" daemon [_thread_blocked, id=15408, stack(0x00000092a1500000,0x00000092a1600000) (1024K)]
  0x0000029276bd7040 JavaThread "Compiler Class File Writer" daemon [_thread_blocked, id=41140, stack(0x00000092a1600000,0x00000092a1700000) (1024K)]
  0x0000029276bd00b0 JavaThread "ForkJoinPool.commonPool-worker-1" daemon [_thread_blocked, id=9552, stack(0x000000929e400000,0x000000929e500000) (1024K)]
Total: 43

Other Threads:
  0x000002926e29daf0 VMThread "VM Thread"                           [id=18240, stack(0x000000929ea00000,0x000000929eb00000) (1024K)]
  0x000002925793cca0 WatcherThread "VM Periodic Task Thread"        [id=23792, stack(0x000000929e900000,0x000000929ea00000) (1024K)]
  0x00000292578eecc0 WorkerThread "GC Thread#0"                     [id=45276, stack(0x000000929e800000,0x000000929e900000) (1024K)]
  0x00000292738cb200 WorkerThread "GC Thread#1"                     [id=30540, stack(0x000000929f500000,0x000000929f600000) (1024K)]
  0x00000292736c4e10 WorkerThread "GC Thread#2"                     [id=14272, stack(0x000000929f600000,0x000000929f700000) (1024K)]
  0x00000292736c51b0 WorkerThread "GC Thread#3"                     [id=42944, stack(0x000000929f700000,0x000000929f800000) (1024K)]
Total: 6

Threads with active compile tasks:
C2 CompilerThread0  46041 12806 % !   4       org.eclipse.jdt.internal.core.search.indexing.BinaryIndexer::indexDocument @ 559 (1168 bytes)
Total: 1

VM state: at safepoint (normal execution)

VM Mutex/Monitor currently owned by a thread:  ([mutex/lock_event])
[0x00007ffc8432e308] Threads_lock - owner thread: 0x000002926e29daf0
[0x00007ffc8432e408] Heap_lock - owner thread: 0x0000029273157c60

Heap address: 0x0000000080000000, size: 2048 MB, Compressed Oops mode: 32-bit

CDS archive(s) mapped at: [0x0000029200000000-0x0000029200ba0000-0x0000029200ba0000), size 12189696, SharedBaseAddress: 0x0000029200000000, ArchiveRelocationMode: 1.
Compressed class space mapped at: 0x0000029201000000-0x0000029241000000, reserved size: 1073741824
Narrow klass base: 0x0000029200000000, Narrow klass shift: 0, Narrow klass range: 0x100000000

GC Precious Log:
 CardTable entry size: 512
 CPUs: 4 total, 4 available
 Memory: 3872M
 Large Page Support: Disabled
 NUMA Support: Disabled
 Compressed Oops: Enabled (32-bit)
 Alignments: Space 512K, Generation 512K, Heap 2M
 Heap Min Capacity: 100M
 Heap Initial Capacity: 100M
 Heap Max Capacity: 2G
 Pre-touch: Disabled
 Parallel Workers: 4

Heap:
 PSYoungGen      total 13312K, used 13302K [0x00000000d5580000, 0x00000000d6700000, 0x0000000100000000)
  eden space 9728K, 100% used [0x00000000d5580000,0x00000000d5f00000,0x00000000d5f00000)
  from space 3584K, 99% used [0x00000000d6380000,0x00000000d66fd810,0x00000000d6700000)
  to   space 4096K, 71% used [0x00000000d5f00000,0x00000000d61db940,0x00000000d6300000)
 ParOldGen       total 372736K, used 372729K [0x0000000080000000, 0x0000000096c00000, 0x00000000d5580000)
  object space 372736K, 99% used [0x0000000080000000,0x0000000096bfe4a8,0x0000000096c00000)
 Metaspace       used 65511K, committed 67072K, reserved 1114112K
  class space    used 6685K, committed 7360K, reserved 1048576K

Card table byte_map: [0x0000029257280000,0x0000029257690000] _byte_map_base: 0x0000029256e80000

Marking Bits: (ParMarkBitMap*) 0x00007ffc843331f0
 Begin Bits: [0x0000029269d80000, 0x000002926bd80000)
 End Bits:   [0x000002926bd80000, 0x000002926dd80000)

Polling page: 0x00000292557a0000

Metaspace:

Usage:
  Non-class:     57.45 MB used.
      Class:      6.53 MB used.
       Both:     63.98 MB used.

Virtual space:
  Non-class space:       64.00 MB reserved,      58.31 MB ( 91%) committed,  1 nodes.
      Class space:        1.00 GB reserved,       7.19 MB ( <1%) committed,  1 nodes.
             Both:        1.06 GB reserved,      65.50 MB (  6%) committed. 

Chunk freelists:
   Non-Class:  5.45 MB
       Class:  8.78 MB
        Both:  14.23 MB

MaxMetaspaceSize: unlimited
CompressedClassSpaceSize: 1.00 GB
Initial GC threshold: 21.00 MB
Current GC threshold: 109.00 MB
CDS: on
 - commit_granule_bytes: 65536.
 - commit_granule_words: 8192.
 - virtual_space_node_default_size: 8388608.
 - enlarge_chunks_in_place: 1.
 - use_allocation_guard: 0.


Internal statistics:

num_allocs_failed_limit: 11.
num_arena_births: 1306.
num_arena_deaths: 14.
num_vsnodes_births: 2.
num_vsnodes_deaths: 0.
num_space_committed: 1048.
num_space_uncommitted: 0.
num_chunks_returned_to_freelist: 25.
num_chunks_taken_from_freelist: 4388.
num_chunk_merges: 12.
num_chunk_splits: 2726.
num_chunks_enlarged: 1581.
num_inconsistent_stats: 0.

CodeHeap 'non-profiled nmethods': size=120000Kb used=5912Kb max_used=5912Kb free=114087Kb
 bounds [0x00000292625a0000, 0x0000029262b70000, 0x0000029269ad0000]
CodeHeap 'profiled nmethods': size=120000Kb used=23695Kb max_used=26240Kb free=96305Kb
 bounds [0x000002925aad0000, 0x000002925c480000, 0x0000029262000000]
CodeHeap 'non-nmethods': size=5760Kb used=1440Kb max_used=1532Kb free=4319Kb
 bounds [0x0000029262000000, 0x0000029262270000, 0x00000292625a0000]
 total_blobs=11917 nmethods=11164 adapters=658
 compilation: enabled
              stopped_count=0, restarted_count=0
 full_count=0

Compilation events (20 events):
Event: 45.534 Thread 0x000002926e2bf5c0 nmethod 12719 0x000002926285f490 code [0x000002926285f660, 0x000002926285ff88]
Event: 45.534 Thread 0x000002926e2bf5c0 12725       4       org.eclipse.jdt.internal.compiler.classfmt.InnerClassInfo::getName (78 bytes)
Event: 45.541 Thread 0x000002926e2bf5c0 nmethod 12725 0x00000292628c3810 code [0x00000292628c3a20, 0x00000292628c3f08]
Event: 45.542 Thread 0x000002926e2bf5c0 12726   !   4       org.eclipse.jdt.internal.core.search.indexing.BinaryContainer::$SWITCH_TABLE$org$eclipse$jdt$internal$compiler$parser$TerminalToken (2080 bytes)
Event: 45.546 Thread 0x000002926e2bf5c0 nmethod 12726 0x000002926277c710 code [0x000002926277c8a0, 0x000002926277c938]
Event: 45.546 Thread 0x000002926e2bf5c0 12736       4       java.lang.StringConcatHelper::prepend (22 bytes)
Event: 45.549 Thread 0x000002926e2bf5c0 nmethod 12736 0x00000292628c9e90 code [0x00000292628ca040, 0x00000292628ca348]
Event: 45.549 Thread 0x000002926e2bf5c0 12748       4       org.eclipse.jdt.internal.compiler.classfmt.InnerClassInfo::getSourceName (60 bytes)
Event: 45.552 Thread 0x000002926e2c5db0 12805       3       org.eclipse.jdt.internal.compiler.classfmt.FieldInfo::decodeAnnotations (185 bytes)
Event: 45.553 Thread 0x000002926e2c5db0 nmethod 12805 0x000002925ac10110 code [0x000002925ac10320, 0x000002925ac10e08]
Event: 45.573 Thread 0x000002926e2bf5c0 nmethod 12748 0x0000029262b6c490 code [0x0000029262b6c6a0, 0x0000029262b6d1c8]
Event: 45.573 Thread 0x000002926e2bf5c0 12806 % !   4       org.eclipse.jdt.internal.core.search.indexing.BinaryIndexer::indexDocument @ 559 (1168 bytes)
Event: 45.584 Thread 0x000002926e2c5db0 12808   !   3       org.eclipse.jdt.internal.compiler.classfmt.ClassFileReader::<init> (2135 bytes)
Event: 45.596 Thread 0x000002926e2c5db0 nmethod 12808 0x000002925b78cd10 code [0x000002925b78d800, 0x000002925b7968f0]
Event: 45.905 Thread 0x000002926e2c5db0 12814       2       org.eclipse.jdt.internal.compiler.classfmt.MethodInfo::decodeTypeAnnotations (88 bytes)
Event: 45.906 Thread 0x000002926e2c5db0 nmethod 12814 0x000002925b312c90 code [0x000002925b312e60, 0x000002925b3132c8]
Event: 45.914 Thread 0x000002926e2c5db0 12815       3       org.eclipse.jdt.internal.compiler.classfmt.TypeAnnotationInfo::<init> (445 bytes)
Event: 45.916 Thread 0x000002926e2c5db0 nmethod 12815 0x000002925ba38a10 code [0x000002925ba38cc0, 0x000002925ba3a1f0]
Event: 45.966 Thread 0x000002926e2c5db0 12818       2       org.eclipse.jdt.internal.compiler.classfmt.FieldInfo::decodeTypeAnnotations (88 bytes)
Event: 45.966 Thread 0x000002926e2c5db0 nmethod 12818 0x000002925b3fb010 code [0x000002925b3fb1e0, 0x000002925b3fb660]

GC Heap History (20 events):
Event: 45.456 GC heap after
{Heap after GC invocations=384 (full 4):
 PSYoungGen      total 11264K, used 3584K [0x00000000d5580000, 0x00000000d6580000, 0x0000000100000000)
  eden space 7680K, 0% used [0x00000000d5580000,0x00000000d5580000,0x00000000d5d00000)
  from space 3584K, 100% used [0x00000000d6100000,0x00000000d6480000,0x00000000d6480000)
  to   space 4096K, 0% used [0x00000000d5d00000,0x00000000d5d00000,0x00000000d6100000)
 ParOldGen       total 365056K, used 364769K [0x0000000080000000, 0x0000000096480000, 0x00000000d5580000)
  object space 365056K, 99% used [0x0000000080000000,0x0000000096438688,0x0000000096480000)
 Metaspace       used 65509K, committed 67072K, reserved 1114112K
  class space    used 6685K, committed 7360K, reserved 1048576K
}
Event: 45.521 GC heap before
{Heap before GC invocations=385 (full 4):
 PSYoungGen      total 11264K, used 11264K [0x00000000d5580000, 0x00000000d6580000, 0x0000000100000000)
  eden space 7680K, 100% used [0x00000000d5580000,0x00000000d5d00000,0x00000000d5d00000)
  from space 3584K, 100% used [0x00000000d6100000,0x00000000d6480000,0x00000000d6480000)
  to   space 4096K, 0% used [0x00000000d5d00000,0x00000000d5d00000,0x00000000d6100000)
 ParOldGen       total 365056K, used 364769K [0x0000000080000000, 0x0000000096480000, 0x00000000d5580000)
  object space 365056K, 99% used [0x0000000080000000,0x0000000096438688,0x0000000096480000)
 Metaspace       used 65511K, committed 67072K, reserved 1114112K
  class space    used 6685K, committed 7360K, reserved 1048576K
}
Event: 45.529 GC heap after
{Heap after GC invocations=385 (full 4):
 PSYoungGen      total 11776K, used 3072K [0x00000000d5580000, 0x00000000d6500000, 0x0000000100000000)
  eden space 7680K, 0% used [0x00000000d5580000,0x00000000d5580000,0x00000000d5d00000)
  from space 4096K, 75% used [0x00000000d5d00000,0x00000000d6000000,0x00000000d6100000)
  to   space 3584K, 0% used [0x00000000d6180000,0x00000000d6180000,0x00000000d6500000)
 ParOldGen       total 366592K, used 366118K [0x0000000080000000, 0x0000000096600000, 0x00000000d5580000)
  object space 366592K, 99% used [0x0000000080000000,0x0000000096589890,0x0000000096600000)
 Metaspace       used 65511K, committed 67072K, reserved 1114112K
  class space    used 6685K, committed 7360K, reserved 1048576K
}
Event: 45.567 GC heap before
{Heap before GC invocations=386 (full 4):
 PSYoungGen      total 11776K, used 10752K [0x00000000d5580000, 0x00000000d6500000, 0x0000000100000000)
  eden space 7680K, 100% used [0x00000000d5580000,0x00000000d5d00000,0x00000000d5d00000)
  from space 4096K, 75% used [0x00000000d5d00000,0x00000000d6000000,0x00000000d6100000)
  to   space 3584K, 0% used [0x00000000d6180000,0x00000000d6180000,0x00000000d6500000)
 ParOldGen       total 366592K, used 366118K [0x0000000080000000, 0x0000000096600000, 0x00000000d5580000)
  object space 366592K, 99% used [0x0000000080000000,0x0000000096589890,0x0000000096600000)
 Metaspace       used 65511K, committed 67072K, reserved 1114112K
  class space    used 6685K, committed 7360K, reserved 1048576K
}
Event: 45.572 GC heap after
{Heap after GC invocations=386 (full 4):
 PSYoungGen      total 11776K, used 3584K [0x00000000d5580000, 0x00000000d6600000, 0x0000000100000000)
  eden space 8192K, 0% used [0x00000000d5580000,0x00000000d5580000,0x00000000d5d80000)
  from space 3584K, 100% used [0x00000000d6180000,0x00000000d6500000,0x00000000d6500000)
  to   space 4096K, 0% used [0x00000000d5d80000,0x00000000d5d80000,0x00000000d6180000)
 ParOldGen       total 366592K, used 366334K [0x0000000080000000, 0x0000000096600000, 0x00000000d5580000)
  object space 366592K, 99% used [0x0000000080000000,0x00000000965bf890,0x0000000096600000)
 Metaspace       used 65511K, committed 67072K, reserved 1114112K
  class space    used 6685K, committed 7360K, reserved 1048576K
}
Event: 45.625 GC heap before
{Heap before GC invocations=387 (full 4):
 PSYoungGen      total 11776K, used 11776K [0x00000000d5580000, 0x00000000d6600000, 0x0000000100000000)
  eden space 8192K, 100% used [0x00000000d5580000,0x00000000d5d80000,0x00000000d5d80000)
  from space 3584K, 100% used [0x00000000d6180000,0x00000000d6500000,0x00000000d6500000)
  to   space 4096K, 0% used [0x00000000d5d80000,0x00000000d5d80000,0x00000000d6180000)
 ParOldGen       total 366592K, used 366334K [0x0000000080000000, 0x0000000096600000, 0x00000000d5580000)
  object space 366592K, 99% used [0x0000000080000000,0x00000000965bf890,0x0000000096600000)
 Metaspace       used 65511K, committed 67072K, reserved 1114112K
  class space    used 6685K, committed 7360K, reserved 1048576K
}
Event: 45.632 GC heap after
{Heap after GC invocations=387 (full 4):
 PSYoungGen      total 12288K, used 3682K [0x00000000d5580000, 0x00000000d6680000, 0x0000000100000000)
  eden space 8192K, 0% used [0x00000000d5580000,0x00000000d5580000,0x00000000d5d80000)
  from space 4096K, 89% used [0x00000000d5d80000,0x00000000d6118a50,0x00000000d6180000)
  to   space 4096K, 0% used [0x00000000d6280000,0x00000000d6280000,0x00000000d6680000)
 ParOldGen       total 367616K, used 367561K [0x0000000080000000, 0x0000000096700000, 0x00000000d5580000)
  object space 367616K, 99% used [0x0000000080000000,0x00000000966f24a0,0x0000000096700000)
 Metaspace       used 65511K, committed 67072K, reserved 1114112K
  class space    used 6685K, committed 7360K, reserved 1048576K
}
Event: 45.672 GC heap before
{Heap before GC invocations=388 (full 4):
 PSYoungGen      total 12288K, used 11874K [0x00000000d5580000, 0x00000000d6680000, 0x0000000100000000)
  eden space 8192K, 100% used [0x00000000d5580000,0x00000000d5d80000,0x00000000d5d80000)
  from space 4096K, 89% used [0x00000000d5d80000,0x00000000d6118a50,0x00000000d6180000)
  to   space 4096K, 0% used [0x00000000d6280000,0x00000000d6280000,0x00000000d6680000)
 ParOldGen       total 367616K, used 367561K [0x0000000080000000, 0x0000000096700000, 0x00000000d5580000)
  object space 367616K, 99% used [0x0000000080000000,0x00000000966f24a0,0x0000000096700000)
 Metaspace       used 65511K, committed 67072K, reserved 1114112K
  class space    used 6685K, committed 7360K, reserved 1048576K
}
Event: 45.679 GC heap after
{Heap after GC invocations=388 (full 4):
 PSYoungGen      total 12800K, used 4080K [0x00000000d5580000, 0x00000000d6780000, 0x0000000100000000)
  eden space 8704K, 0% used [0x00000000d5580000,0x00000000d5580000,0x00000000d5e00000)
  from space 4096K, 99% used [0x00000000d6280000,0x00000000d667c008,0x00000000d6680000)
  to   space 4608K, 0% used [0x00000000d5e00000,0x00000000d5e00000,0x00000000d6280000)
 ParOldGen       total 368128K, used 367817K [0x0000000080000000, 0x0000000096780000, 0x00000000d5580000)
  object space 368128K, 99% used [0x0000000080000000,0x00000000967324a0,0x0000000096780000)
 Metaspace       used 65511K, committed 67072K, reserved 1114112K
  class space    used 6685K, committed 7360K, reserved 1048576K
}
Event: 45.733 GC heap before
{Heap before GC invocations=389 (full 4):
 PSYoungGen      total 12800K, used 12784K [0x00000000d5580000, 0x00000000d6780000, 0x0000000100000000)
  eden space 8704K, 100% used [0x00000000d5580000,0x00000000d5e00000,0x00000000d5e00000)
  from space 4096K, 99% used [0x00000000d6280000,0x00000000d667c008,0x00000000d6680000)
  to   space 4608K, 0% used [0x00000000d5e00000,0x00000000d5e00000,0x00000000d6280000)
 ParOldGen       total 368128K, used 367817K [0x0000000080000000, 0x0000000096780000, 0x00000000d5580000)
  object space 368128K, 99% used [0x0000000080000000,0x00000000967324a0,0x0000000096780000)
 Metaspace       used 65511K, committed 67072K, reserved 1114112K
  class space    used 6685K, committed 7360K, reserved 1048576K
}
Event: 45.743 GC heap after
{Heap after GC invocations=389 (full 4):
 PSYoungGen      total 13312K, used 3568K [0x00000000d5580000, 0x00000000d6700000, 0x0000000100000000)
  eden space 8704K, 0% used [0x00000000d5580000,0x00000000d5580000,0x00000000d5e00000)
  from space 4608K, 77% used [0x00000000d5e00000,0x00000000d617c008,0x00000000d6280000)
  to   space 4096K, 0% used [0x00000000d6300000,0x00000000d6300000,0x00000000d6700000)
 ParOldGen       total 369664K, used 369209K [0x0000000080000000, 0x0000000096900000, 0x00000000d5580000)
  object space 369664K, 99% used [0x0000000080000000,0x000000009688e4a0,0x0000000096900000)
 Metaspace       used 65511K, committed 67072K, reserved 1114112K
  class space    used 6685K, committed 7360K, reserved 1048576K
}
Event: 45.801 GC heap before
{Heap before GC invocations=390 (full 4):
 PSYoungGen      total 13312K, used 12272K [0x00000000d5580000, 0x00000000d6700000, 0x0000000100000000)
  eden space 8704K, 100% used [0x00000000d5580000,0x00000000d5e00000,0x00000000d5e00000)
  from space 4608K, 77% used [0x00000000d5e00000,0x00000000d617c008,0x00000000d6280000)
  to   space 4096K, 0% used [0x00000000d6300000,0x00000000d6300000,0x00000000d6700000)
 ParOldGen       total 369664K, used 369209K [0x0000000080000000, 0x0000000096900000, 0x00000000d5580000)
  object space 369664K, 99% used [0x0000000080000000,0x000000009688e4a0,0x0000000096900000)
 Metaspace       used 65511K, committed 67072K, reserved 1114112K
  class space    used 6685K, committed 7360K, reserved 1048576K
}
Event: 45.807 GC heap after
{Heap after GC invocations=390 (full 4):
 PSYoungGen      total 13824K, used 3622K [0x00000000d5580000, 0x00000000d6700000, 0x0000000100000000)
  eden space 9728K, 0% used [0x00000000d5580000,0x00000000d5580000,0x00000000d5f00000)
  from space 4096K, 88% used [0x00000000d6300000,0x00000000d6689818,0x00000000d6700000)
  to   space 4096K, 0% used [0x00000000d5f00000,0x00000000d5f00000,0x00000000d6300000)
 ParOldGen       total 370176K, used 369921K [0x0000000080000000, 0x0000000096980000, 0x00000000d5580000)
  object space 370176K, 99% used [0x0000000080000000,0x00000000969404a0,0x0000000096980000)
 Metaspace       used 65511K, committed 67072K, reserved 1114112K
  class space    used 6685K, committed 7360K, reserved 1048576K
}
Event: 45.866 GC heap before
{Heap before GC invocations=391 (full 4):
 PSYoungGen      total 13824K, used 13350K [0x00000000d5580000, 0x00000000d6700000, 0x0000000100000000)
  eden space 9728K, 100% used [0x00000000d5580000,0x00000000d5f00000,0x00000000d5f00000)
  from space 4096K, 88% used [0x00000000d6300000,0x00000000d6689818,0x00000000d6700000)
  to   space 4096K, 0% used [0x00000000d5f00000,0x00000000d5f00000,0x00000000d6300000)
 ParOldGen       total 370176K, used 369921K [0x0000000080000000, 0x0000000096980000, 0x00000000d5580000)
  object space 370176K, 99% used [0x0000000080000000,0x00000000969404a0,0x0000000096980000)
 Metaspace       used 65511K, committed 67072K, reserved 1114112K
  class space    used 6685K, committed 7360K, reserved 1048576K
}
Event: 45.872 GC heap after
{Heap after GC invocations=391 (full 4):
 PSYoungGen      total 13824K, used 3547K [0x00000000d5580000, 0x00000000d6700000, 0x0000000100000000)
  eden space 9728K, 0% used [0x00000000d5580000,0x00000000d5580000,0x00000000d5f00000)
  from space 4096K, 86% used [0x00000000d5f00000,0x00000000d6276c08,0x00000000d6300000)
  to   space 3584K, 0% used [0x00000000d6380000,0x00000000d6380000,0x00000000d6700000)
 ParOldGen       total 371200K, used 371065K [0x0000000080000000, 0x0000000096a80000, 0x00000000d5580000)
  object space 371200K, 99% used [0x0000000080000000,0x0000000096a5e4a8,0x0000000096a80000)
 Metaspace       used 65511K, committed 67072K, reserved 1114112K
  class space    used 6685K, committed 7360K, reserved 1048576K
}
Event: 45.928 GC heap before
{Heap before GC invocations=392 (full 4):
 PSYoungGen      total 13824K, used 13275K [0x00000000d5580000, 0x00000000d6700000, 0x0000000100000000)
  eden space 9728K, 100% used [0x00000000d5580000,0x00000000d5f00000,0x00000000d5f00000)
  from space 4096K, 86% used [0x00000000d5f00000,0x00000000d6276c08,0x00000000d6300000)
  to   space 3584K, 0% used [0x00000000d6380000,0x00000000d6380000,0x00000000d6700000)
 ParOldGen       total 371200K, used 371065K [0x0000000080000000, 0x0000000096a80000, 0x00000000d5580000)
  object space 371200K, 99% used [0x0000000080000000,0x0000000096a5e4a8,0x0000000096a80000)
 Metaspace       used 65511K, committed 67072K, reserved 1114112K
  class space    used 6685K, committed 7360K, reserved 1048576K
}
Event: 45.934 GC heap after
{Heap after GC invocations=392 (full 4):
 PSYoungGen      total 13312K, used 3574K [0x00000000d5580000, 0x00000000d6700000, 0x0000000100000000)
  eden space 9728K, 0% used [0x00000000d5580000,0x00000000d5580000,0x00000000d5f00000)
  from space 3584K, 99% used [0x00000000d6380000,0x00000000d66fd810,0x00000000d6700000)
  to   space 4096K, 0% used [0x00000000d5f00000,0x00000000d5f00000,0x00000000d6300000)
 ParOldGen       total 372224K, used 371809K [0x0000000080000000, 0x0000000096b80000, 0x00000000d5580000)
  object space 372224K, 99% used [0x0000000080000000,0x0000000096b184a8,0x0000000096b80000)
 Metaspace       used 65511K, committed 67072K, reserved 1114112K
  class space    used 6685K, committed 7360K, reserved 1048576K
}
Event: 45.981 GC heap before
{Heap before GC invocations=393 (full 4):
 PSYoungGen      total 13312K, used 13302K [0x00000000d5580000, 0x00000000d6700000, 0x0000000100000000)
  eden space 9728K, 100% used [0x00000000d5580000,0x00000000d5f00000,0x00000000d5f00000)
  from space 3584K, 99% used [0x00000000d6380000,0x00000000d66fd810,0x00000000d6700000)
  to   space 4096K, 0% used [0x00000000d5f00000,0x00000000d5f00000,0x00000000d6300000)
 ParOldGen       total 372224K, used 371809K [0x0000000080000000, 0x0000000096b80000, 0x00000000d5580000)
  object space 372224K, 99% used [0x0000000080000000,0x0000000096b184a8,0x0000000096b80000)
 Metaspace       used 65511K, committed 67072K, reserved 1114112K
  class space    used 6685K, committed 7360K, reserved 1048576K
}
Event: 45.986 GC heap after
{Heap after GC invocations=393 (full 4):
 PSYoungGen      total 13312K, used 13302K [0x00000000d5580000, 0x00000000d6700000, 0x0000000100000000)
  eden space 9728K, 100% used [0x00000000d5580000,0x00000000d5f00000,0x00000000d5f00000)
  from space 3584K, 99% used [0x00000000d6380000,0x00000000d66fd810,0x00000000d6700000)
  to   space 4096K, 71% used [0x00000000d5f00000,0x00000000d61db940,0x00000000d6300000)
 ParOldGen       total 372736K, used 372729K [0x0000000080000000, 0x0000000096c00000, 0x00000000d5580000)
  object space 372736K, 99% used [0x0000000080000000,0x0000000096bfe4a8,0x0000000096c00000)
 Metaspace       used 65511K, committed 67072K, reserved 1114112K
  class space    used 6685K, committed 7360K, reserved 1048576K
}
Event: 45.987 GC heap before
{Heap before GC invocations=394 (full 5):
 PSYoungGen      total 13312K, used 13302K [0x00000000d5580000, 0x00000000d6700000, 0x0000000100000000)
  eden space 9728K, 100% used [0x00000000d5580000,0x00000000d5f00000,0x00000000d5f00000)
  from space 3584K, 99% used [0x00000000d6380000,0x00000000d66fd810,0x00000000d6700000)
  to   space 4096K, 71% used [0x00000000d5f00000,0x00000000d61db940,0x00000000d6300000)
 ParOldGen       total 372736K, used 372729K [0x0000000080000000, 0x0000000096c00000, 0x00000000d5580000)
  object space 372736K, 99% used [0x0000000080000000,0x0000000096bfe4a8,0x0000000096c00000)
 Metaspace       used 65511K, committed 67072K, reserved 1114112K
  class space    used 6685K, committed 7360K, reserved 1048576K
}

Dll operation events (10 events):
Event: 0.017 Loaded shared library c:\Users\akash sen\.vscode\extensions\redhat.java-1.43.1-win32-x64\jre\21.0.7-win32-x86_64\bin\java.dll
Event: 0.143 Loaded shared library c:\Users\akash sen\.vscode\extensions\redhat.java-1.43.1-win32-x64\jre\21.0.7-win32-x86_64\bin\zip.dll
Event: 0.217 Loaded shared library C:\Users\akash sen\.vscode\extensions\redhat.java-1.43.1-win32-x64\jre\21.0.7-win32-x86_64\bin\instrument.dll
Event: 0.226 Loaded shared library C:\Users\akash sen\.vscode\extensions\redhat.java-1.43.1-win32-x64\jre\21.0.7-win32-x86_64\bin\net.dll
Event: 0.228 Loaded shared library C:\Users\akash sen\.vscode\extensions\redhat.java-1.43.1-win32-x64\jre\21.0.7-win32-x86_64\bin\nio.dll
Event: 0.233 Loaded shared library C:\Users\akash sen\.vscode\extensions\redhat.java-1.43.1-win32-x64\jre\21.0.7-win32-x86_64\bin\zip.dll
Event: 0.266 Loaded shared library C:\Users\akash sen\.vscode\extensions\redhat.java-1.43.1-win32-x64\jre\21.0.7-win32-x86_64\bin\jimage.dll
Event: 0.392 Loaded shared library c:\Users\akash sen\.vscode\extensions\redhat.java-1.43.1-win32-x64\jre\21.0.7-win32-x86_64\bin\verify.dll
Event: 3.328 Loaded shared library C:\Users\akash sen\AppData\Roaming\Code\User\globalStorage\redhat.java\1.43.1\config_win\org.eclipse.equinox.launcher\org.eclipse.equinox.launcher.win32.win32.x86_64_1.2.1300.v20250331-1702\eclipse_11911.dll
Event: 7.080 Loaded shared library C:\Users\akash sen\AppData\Local\Temp\jna-1850697800\jna2387690693909339972.dll

Deoptimization events (20 events):
Event: 45.706 Thread 0x0000029273157c60 DEOPT PACKING pc=0x000002925b79492a sp=0x00000092a04fef80
Event: 45.706 Thread 0x0000029273157c60 DEOPT UNPACKING pc=0x0000029262054242 sp=0x00000092a04fe508 mode 0
Event: 45.750 Thread 0x0000029273157c60 DEOPT PACKING pc=0x000002925b79492a sp=0x00000092a04fef80
Event: 45.750 Thread 0x0000029273157c60 DEOPT UNPACKING pc=0x0000029262054242 sp=0x00000092a04fe508 mode 0
Event: 45.771 Thread 0x0000029273157c60 DEOPT PACKING pc=0x000002925b79492a sp=0x00000092a04fef80
Event: 45.771 Thread 0x0000029273157c60 DEOPT UNPACKING pc=0x0000029262054242 sp=0x00000092a04fe508 mode 0
Event: 45.797 Thread 0x0000029273157c60 DEOPT PACKING pc=0x000002925b79492a sp=0x00000092a04fef80
Event: 45.797 Thread 0x0000029273157c60 DEOPT UNPACKING pc=0x0000029262054242 sp=0x00000092a04fe508 mode 0
Event: 45.826 Thread 0x0000029273157c60 DEOPT PACKING pc=0x000002925b79492a sp=0x00000092a04fef80
Event: 45.826 Thread 0x0000029273157c60 DEOPT UNPACKING pc=0x0000029262054242 sp=0x00000092a04fe508 mode 0
Event: 45.862 Thread 0x0000029273157c60 DEOPT PACKING pc=0x000002925b794e21 sp=0x00000092a04fef80
Event: 45.862 Thread 0x0000029273157c60 DEOPT UNPACKING pc=0x0000029262054242 sp=0x00000092a04fe508 mode 0
Event: 45.888 Thread 0x0000029273157c60 DEOPT PACKING pc=0x000002925b79492a sp=0x00000092a04fef80
Event: 45.888 Thread 0x0000029273157c60 DEOPT UNPACKING pc=0x0000029262054242 sp=0x00000092a04fe508 mode 0
Event: 45.909 Thread 0x0000029273157c60 DEOPT PACKING pc=0x000002925b79492a sp=0x00000092a04fef80
Event: 45.909 Thread 0x0000029273157c60 DEOPT UNPACKING pc=0x0000029262054242 sp=0x00000092a04fe508 mode 0
Event: 45.940 Thread 0x0000029273157c60 DEOPT PACKING pc=0x000002925b79492a sp=0x00000092a04fef80
Event: 45.940 Thread 0x0000029273157c60 DEOPT UNPACKING pc=0x0000029262054242 sp=0x00000092a04fe508 mode 0
Event: 45.969 Thread 0x0000029273157c60 DEOPT PACKING pc=0x000002925b79492a sp=0x00000092a04fef80
Event: 45.969 Thread 0x0000029273157c60 DEOPT UNPACKING pc=0x0000029262054242 sp=0x00000092a04fe508 mode 0

Classes loaded (20 events):
Event: 28.520 Loading class sun/nio/fs/WindowsFileSystem$2
Event: 28.520 Loading class java/nio/file/PathMatcher
Event: 28.520 Loading class java/nio/file/PathMatcher done
Event: 28.520 Loading class sun/nio/fs/WindowsFileSystem$2 done
Event: 30.133 Loading class java/util/Collections$SynchronizedRandomAccessList
Event: 30.133 Loading class java/util/Collections$SynchronizedList
Event: 30.134 Loading class java/util/Collections$SynchronizedList done
Event: 30.134 Loading class java/util/Collections$SynchronizedRandomAccessList done
Event: 30.144 Loading class java/util/concurrent/CompletableFuture$Signaller
Event: 30.144 Loading class java/util/concurrent/CompletableFuture$Signaller done
Event: 30.591 Loading class java/nio/charset/CharacterCodingException
Event: 30.592 Loading class java/nio/charset/CharacterCodingException done
Event: 30.592 Loading class java/io/SequenceInputStream
Event: 30.592 Loading class java/io/SequenceInputStream done
Event: 33.602 Loading class sun/nio/cs/ISO_8859_1$Encoder
Event: 33.605 Loading class sun/nio/cs/ISO_8859_1$Encoder done
Event: 33.605 Loading class sun/nio/cs/Surrogate$Parser
Event: 33.606 Loading class sun/nio/cs/Surrogate$Parser done
Event: 33.606 Loading class sun/nio/cs/Surrogate
Event: 33.607 Loading class sun/nio/cs/Surrogate done

Classes unloaded (7 events):
Event: 8.689 Thread 0x000002926e29daf0 Unloading class 0x000002920119c000 'java/lang/invoke/LambdaForm$MH+0x000002920119c000'
Event: 8.689 Thread 0x000002926e29daf0 Unloading class 0x000002920119bc00 'java/lang/invoke/LambdaForm$MH+0x000002920119bc00'
Event: 8.689 Thread 0x000002926e29daf0 Unloading class 0x000002920119b800 'java/lang/invoke/LambdaForm$MH+0x000002920119b800'
Event: 8.689 Thread 0x000002926e29daf0 Unloading class 0x000002920119b400 'java/lang/invoke/LambdaForm$MH+0x000002920119b400'
Event: 8.689 Thread 0x000002926e29daf0 Unloading class 0x000002920119b000 'java/lang/invoke/LambdaForm$BMH+0x000002920119b000'
Event: 8.689 Thread 0x000002926e29daf0 Unloading class 0x000002920119ac00 'java/lang/invoke/LambdaForm$DMH+0x000002920119ac00'
Event: 8.689 Thread 0x000002926e29daf0 Unloading class 0x0000029201199800 'java/lang/invoke/LambdaForm$DMH+0x0000029201199800'

Classes redefined (0 events):
No events

Internal exceptions (20 events):
Event: 30.730 Thread 0x000002927685cd00 Exception <a 'java/lang/IncompatibleClassChangeError'{0x00000000d55fd6c8}: Found class java.lang.Object, but interface was expected> (0x00000000d55fd6c8) 
thrown [s\src\hotspot\share\interpreter\linkResolver.cpp, line 840]
Event: 31.126 Thread 0x0000029273159010 Exception <a 'java/lang/NoSuchMethodError'{0x00000000d5714718}: 'java.lang.Object java.lang.invoke.DirectMethodHandle$Holder.invokeSpecial(java.lang.Object, java.lang.Object, int, long)'> (0x00000000d5714718) 
thrown [s\src\hotspot\share\interpreter\linkResolver.cpp, line 773]
Event: 31.980 Thread 0x0000029273157c60 Implicit null exception at 0x0000029262a542a0 to 0x0000029262a58e34
Event: 33.711 Thread 0x0000029273159010 Implicit null exception at 0x000002926284c6a4 to 0x000002926284c9d0
Event: 41.321 Thread 0x0000029273157c60 Exception <a 'sun/nio/fs/WindowsException'{0x00000000d5b97720}> (0x00000000d5b97720) 
thrown [s\src\hotspot\share\prims\jni.cpp, line 520]
Event: 41.398 Thread 0x0000029273157c60 Exception <a 'sun/nio/fs/WindowsException'{0x00000000d5bc4cd8}> (0x00000000d5bc4cd8) 
thrown [s\src\hotspot\share\prims\jni.cpp, line 520]
Event: 41.413 Thread 0x0000029273157c60 Exception <a 'sun/nio/fs/WindowsException'{0x00000000d5bd53d0}> (0x00000000d5bd53d0) 
thrown [s\src\hotspot\share\prims\jni.cpp, line 520]
Event: 42.471 Thread 0x0000029273157c60 Exception <a 'sun/nio/fs/WindowsException'{0x00000000d5cb9820}> (0x00000000d5cb9820) 
thrown [s\src\hotspot\share\prims\jni.cpp, line 520]
Event: 43.382 Thread 0x0000029273157c60 Exception <a 'sun/nio/fs/WindowsException'{0x00000000d5e276d8}> (0x00000000d5e276d8) 
thrown [s\src\hotspot\share\prims\jni.cpp, line 520]
Event: 43.393 Thread 0x0000029273157c60 Exception <a 'sun/nio/fs/WindowsException'{0x00000000d5e38080}> (0x00000000d5e38080) 
thrown [s\src\hotspot\share\prims\jni.cpp, line 520]
Event: 43.642 Thread 0x0000029273157c60 Exception <a 'sun/nio/fs/WindowsException'{0x00000000d5e18910}> (0x00000000d5e18910) 
thrown [s\src\hotspot\share\prims\jni.cpp, line 520]
Event: 43.900 Thread 0x0000029273157c60 Exception <a 'sun/nio/fs/WindowsException'{0x00000000d56f20b8}> (0x00000000d56f20b8) 
thrown [s\src\hotspot\share\prims\jni.cpp, line 520]
Event: 43.963 Thread 0x0000029273157c60 Exception <a 'sun/nio/fs/WindowsException'{0x00000000d5799378}> (0x00000000d5799378) 
thrown [s\src\hotspot\share\prims\jni.cpp, line 520]
Event: 44.176 Thread 0x0000029273157c60 Exception <a 'sun/nio/fs/WindowsException'{0x00000000d5b9bb20}> (0x00000000d5b9bb20) 
thrown [s\src\hotspot\share\prims\jni.cpp, line 520]
Event: 44.235 Thread 0x0000029273157c60 Exception <a 'sun/nio/fs/WindowsException'{0x00000000d5bc7380}> (0x00000000d5bc7380) 
thrown [s\src\hotspot\share\prims\jni.cpp, line 520]
Event: 44.272 Thread 0x0000029273157c60 Exception <a 'sun/nio/fs/WindowsException'{0x00000000d5c630f8}> (0x00000000d5c630f8) 
thrown [s\src\hotspot\share\prims\jni.cpp, line 520]
Event: 44.441 Thread 0x0000029273157c60 Exception <a 'sun/nio/fs/WindowsException'{0x00000000d5e50418}> (0x00000000d5e50418) 
thrown [s\src\hotspot\share\prims\jni.cpp, line 520]
Event: 44.494 Thread 0x0000029273157c60 Exception <a 'sun/nio/fs/WindowsException'{0x00000000d5e60f98}> (0x00000000d5e60f98) 
thrown [s\src\hotspot\share\prims\jni.cpp, line 520]
Event: 44.593 Thread 0x0000029273157c60 Exception <a 'sun/nio/fs/WindowsException'{0x00000000d5b780e0}> (0x00000000d5b780e0) 
thrown [s\src\hotspot\share\prims\jni.cpp, line 520]
Event: 44.737 Thread 0x0000029273157c60 Exception <a 'sun/nio/fs/WindowsException'{0x00000000d59908e0}> (0x00000000d59908e0) 
thrown [s\src\hotspot\share\prims\jni.cpp, line 520]

ZGC Phase Switch (0 events):
No events

VM Operations (20 events):
Event: 45.393 Executing VM operation: ParallelGCFailedAllocation (Allocation Failure) done
Event: 45.452 Executing VM operation: ParallelGCFailedAllocation (Allocation Failure)
Event: 45.456 Executing VM operation: ParallelGCFailedAllocation (Allocation Failure) done
Event: 45.521 Executing VM operation: ParallelGCFailedAllocation (Allocation Failure)
Event: 45.529 Executing VM operation: ParallelGCFailedAllocation (Allocation Failure) done
Event: 45.567 Executing VM operation: ParallelGCFailedAllocation (Allocation Failure)
Event: 45.572 Executing VM operation: ParallelGCFailedAllocation (Allocation Failure) done
Event: 45.625 Executing VM operation: ParallelGCFailedAllocation (Allocation Failure)
Event: 45.632 Executing VM operation: ParallelGCFailedAllocation (Allocation Failure) done
Event: 45.672 Executing VM operation: ParallelGCFailedAllocation (Allocation Failure)
Event: 45.679 Executing VM operation: ParallelGCFailedAllocation (Allocation Failure) done
Event: 45.733 Executing VM operation: ParallelGCFailedAllocation (Allocation Failure)
Event: 45.743 Executing VM operation: ParallelGCFailedAllocation (Allocation Failure) done
Event: 45.801 Executing VM operation: ParallelGCFailedAllocation (Allocation Failure)
Event: 45.807 Executing VM operation: ParallelGCFailedAllocation (Allocation Failure) done
Event: 45.866 Executing VM operation: ParallelGCFailedAllocation (Allocation Failure)
Event: 45.872 Executing VM operation: ParallelGCFailedAllocation (Allocation Failure) done
Event: 45.928 Executing VM operation: ParallelGCFailedAllocation (Allocation Failure)
Event: 45.934 Executing VM operation: ParallelGCFailedAllocation (Allocation Failure) done
Event: 45.981 Executing VM operation: ParallelGCFailedAllocation (Allocation Failure)

Memory protections (0 events):
No events

Nmethod flushes (20 events):
Event: 38.456 Thread 0x000002926e29daf0 flushing  nmethod 0x000002925bd02510
Event: 38.456 Thread 0x000002926e29daf0 flushing  nmethod 0x000002925bd03090
Event: 38.456 Thread 0x000002926e29daf0 flushing  nmethod 0x000002925bd06290
Event: 38.456 Thread 0x000002926e29daf0 flushing  nmethod 0x000002925bd1d790
Event: 38.456 Thread 0x000002926e29daf0 flushing  nmethod 0x000002925bd1e710
Event: 38.456 Thread 0x000002926e29daf0 flushing  nmethod 0x000002925bd1f810
Event: 38.456 Thread 0x000002926e29daf0 flushing  nmethod 0x000002925bd20490
Event: 38.456 Thread 0x000002926e29daf0 flushing  nmethod 0x000002925bd20990
Event: 38.456 Thread 0x000002926e29daf0 flushing  nmethod 0x000002925bd23c10
Event: 38.456 Thread 0x000002926e29daf0 flushing  nmethod 0x000002925bd24f10
Event: 38.456 Thread 0x000002926e29daf0 flushing  nmethod 0x000002925bd25490
Event: 38.456 Thread 0x000002926e29daf0 flushing  nmethod 0x000002925bd25a10
Event: 38.456 Thread 0x000002926e29daf0 flushing  nmethod 0x000002925bd25e10
Event: 38.456 Thread 0x000002926e29daf0 flushing  nmethod 0x000002925bd26190
Event: 38.456 Thread 0x000002926e29daf0 flushing  nmethod 0x000002925bd39a10
Event: 38.456 Thread 0x000002926e29daf0 flushing  nmethod 0x000002925bd4c290
Event: 38.456 Thread 0x000002926e29daf0 flushing  nmethod 0x000002925bd8bb90
Event: 38.456 Thread 0x000002926e29daf0 flushing  nmethod 0x000002925bd9bc90
Event: 38.456 Thread 0x000002926e29daf0 flushing  nmethod 0x000002925bd9da90
Event: 38.457 Thread 0x000002926e29daf0 flushing  nmethod 0x000002925bda5f90

Events (20 events):
Event: 26.269 Thread 0x00000292731582f0 Thread added: 0x0000029276bd3530
Event: 26.269 Thread 0x00000292731582f0 Thread added: 0x0000029276bd1af0
Event: 26.270 Thread 0x00000292731582f0 Thread added: 0x0000029276bd5c90
Event: 26.270 Thread 0x00000292731582f0 Thread added: 0x0000029276bd6320
Event: 27.143 Thread 0x0000029276bd1af0 Thread exited: 0x0000029276bd1af0
Event: 27.144 Thread 0x0000029276bd5c90 Thread exited: 0x0000029276bd5c90
Event: 27.144 Thread 0x0000029276bd6320 Thread exited: 0x0000029276bd6320
Event: 27.145 Thread 0x0000029276bd3530 Thread exited: 0x0000029276bd3530
Event: 27.145 Thread 0x0000029276bd00b0 Thread exited: 0x0000029276bd00b0
Event: 27.776 Thread 0x00000292731582f0 Thread added: 0x0000029276bd1af0
Event: 27.776 Thread 0x00000292731582f0 Thread added: 0x0000029276bd4250
Event: 27.776 Thread 0x00000292731582f0 Thread added: 0x0000029276bd0dd0
Event: 27.776 Thread 0x00000292731582f0 Thread added: 0x0000029276bd2180
Event: 27.776 Thread 0x00000292731582f0 Thread added: 0x0000029276bd6320
Event: 27.911 Thread 0x0000029276bd0dd0 Thread exited: 0x0000029276bd0dd0
Event: 27.911 Thread 0x0000029276bd4250 Thread exited: 0x0000029276bd4250
Event: 27.911 Thread 0x0000029276bd6320 Thread exited: 0x0000029276bd6320
Event: 27.911 Thread 0x0000029276bd2180 Thread exited: 0x0000029276bd2180
Event: 27.911 Thread 0x0000029276bd1af0 Thread exited: 0x0000029276bd1af0
Event: 35.429 Thread 0x0000029273159010 Thread added: 0x0000029276bd00b0


Dynamic libraries:
0x00007ff742b30000 - 0x00007ff742b3e000 	c:\Users\akash sen\.vscode\extensions\redhat.java-1.43.1-win32-x64\jre\21.0.7-win32-x86_64\bin\java.exe
0x00007ffcce230000 - 0x00007ffcce428000 	C:\WINDOWS\SYSTEM32\ntdll.dll
0x00007ffccc9b0000 - 0x00007ffccca72000 	C:\WINDOWS\System32\KERNEL32.DLL
0x00007ffccba70000 - 0x00007ffccbd66000 	C:\WINDOWS\System32\KERNELBASE.dll
0x00007ffccb970000 - 0x00007ffccba70000 	C:\WINDOWS\System32\ucrtbase.dll
0x00007ffcc4640000 - 0x00007ffcc465e000 	c:\Users\akash sen\.vscode\extensions\redhat.java-1.43.1-win32-x64\jre\21.0.7-win32-x86_64\bin\VCRUNTIME140.dll
0x00007ffcc4b40000 - 0x00007ffcc4b58000 	c:\Users\akash sen\.vscode\extensions\redhat.java-1.43.1-win32-x64\jre\21.0.7-win32-x86_64\bin\jli.dll
0x00007ffccc3e0000 - 0x00007ffccc57d000 	C:\WINDOWS\System32\USER32.dll
0x00007ffcb4630000 - 0x00007ffcb48ca000 	C:\WINDOWS\WinSxS\amd64_microsoft.windows.common-controls_6595b64144ccf1df_6.0.19041.5915_none_60b4b9d171f9c7c7\COMCTL32.dll
0x00007ffccbf80000 - 0x00007ffccbfa2000 	C:\WINDOWS\System32\win32u.dll
0x00007ffcce0f0000 - 0x00007ffcce11b000 	C:\WINDOWS\System32\GDI32.dll
0x00007ffccbdc0000 - 0x00007ffccbed9000 	C:\WINDOWS\System32\gdi32full.dll
0x00007ffccbee0000 - 0x00007ffccbf7d000 	C:\WINDOWS\System32\msvcp_win.dll
0x00007ffccd1c0000 - 0x00007ffccd25e000 	C:\WINDOWS\System32\msvcrt.dll
0x00007ffccc3b0000 - 0x00007ffccc3df000 	C:\WINDOWS\System32\IMM32.DLL
0x00007ffcc88a0000 - 0x00007ffcc88ac000 	c:\Users\akash sen\.vscode\extensions\redhat.java-1.43.1-win32-x64\jre\21.0.7-win32-x86_64\bin\vcruntime140_1.dll
0x00007ffc9ee50000 - 0x00007ffc9eedd000 	c:\Users\akash sen\.vscode\extensions\redhat.java-1.43.1-win32-x64\jre\21.0.7-win32-x86_64\bin\msvcp140.dll
0x00007ffc83680000 - 0x00007ffc84410000 	c:\Users\akash sen\.vscode\extensions\redhat.java-1.43.1-win32-x64\jre\21.0.7-win32-x86_64\bin\server\jvm.dll
0x00007ffccca80000 - 0x00007ffcccb31000 	C:\WINDOWS\System32\ADVAPI32.dll
0x00007ffccc260000 - 0x00007ffccc2ff000 	C:\WINDOWS\System32\sechost.dll
0x00007ffccc880000 - 0x00007ffccc9a3000 	C:\WINDOWS\System32\RPCRT4.dll
0x00007ffccb940000 - 0x00007ffccb967000 	C:\WINDOWS\System32\bcrypt.dll
0x00007ffccd260000 - 0x00007ffccd2cb000 	C:\WINDOWS\System32\WS2_32.dll
0x00007ffccb600000 - 0x00007ffccb64b000 	C:\WINDOWS\SYSTEM32\POWRPROF.dll
0x00007ffcc1310000 - 0x00007ffcc131a000 	C:\WINDOWS\SYSTEM32\VERSION.dll
0x00007ffcb4c00000 - 0x00007ffcb4c27000 	C:\WINDOWS\SYSTEM32\WINMM.dll
0x00007ffccb430000 - 0x00007ffccb442000 	C:\WINDOWS\SYSTEM32\UMPDC.dll
0x00007ffcca0a0000 - 0x00007ffcca0b2000 	C:\WINDOWS\SYSTEM32\kernel.appcore.dll
0x00007ffcc4300000 - 0x00007ffcc430a000 	c:\Users\akash sen\.vscode\extensions\redhat.java-1.43.1-win32-x64\jre\21.0.7-win32-x86_64\bin\jimage.dll
0x00007ffcc9d10000 - 0x00007ffcc9f11000 	C:\WINDOWS\SYSTEM32\DBGHELP.DLL
0x00007ffcac6a0000 - 0x00007ffcac6d4000 	C:\WINDOWS\SYSTEM32\dbgcore.DLL
0x00007ffccc1c0000 - 0x00007ffccc242000 	C:\WINDOWS\System32\bcryptPrimitives.dll
0x00007ffcc65f0000 - 0x00007ffcc65ff000 	c:\Users\akash sen\.vscode\extensions\redhat.java-1.43.1-win32-x64\jre\21.0.7-win32-x86_64\bin\instrument.dll
0x00007ffcc30f0000 - 0x00007ffcc310f000 	c:\Users\akash sen\.vscode\extensions\redhat.java-1.43.1-win32-x64\jre\21.0.7-win32-x86_64\bin\java.dll
0x00007ffccd770000 - 0x00007ffccdede000 	C:\WINDOWS\System32\SHELL32.dll
0x00007ffcc9440000 - 0x00007ffcc9be4000 	C:\WINDOWS\SYSTEM32\windows.storage.dll
0x00007ffcccc60000 - 0x00007ffcccfb3000 	C:\WINDOWS\System32\combase.dll
0x00007ffccb280000 - 0x00007ffccb2ab000 	C:\WINDOWS\SYSTEM32\Wldp.dll
0x00007ffcce120000 - 0x00007ffcce1ed000 	C:\WINDOWS\System32\OLEAUT32.dll
0x00007ffccc300000 - 0x00007ffccc3ad000 	C:\WINDOWS\System32\SHCORE.dll
0x00007ffccc820000 - 0x00007ffccc87b000 	C:\WINDOWS\System32\shlwapi.dll
0x00007ffccb7f0000 - 0x00007ffccb814000 	C:\WINDOWS\SYSTEM32\profapi.dll
0x00007ffcbb810000 - 0x00007ffcbb828000 	c:\Users\akash sen\.vscode\extensions\redhat.java-1.43.1-win32-x64\jre\21.0.7-win32-x86_64\bin\zip.dll
0x00007ffcc42e0000 - 0x00007ffcc42f0000 	C:\Users\akash sen\.vscode\extensions\redhat.java-1.43.1-win32-x64\jre\21.0.7-win32-x86_64\bin\net.dll
0x00007ffcc5e10000 - 0x00007ffcc5f1a000 	C:\WINDOWS\SYSTEM32\WINHTTP.dll
0x00007ffccafe0000 - 0x00007ffccb04a000 	C:\WINDOWS\system32\mswsock.dll
0x00007ffc9f260000 - 0x00007ffc9f276000 	C:\Users\akash sen\.vscode\extensions\redhat.java-1.43.1-win32-x64\jre\21.0.7-win32-x86_64\bin\nio.dll
0x00007ffcc42f0000 - 0x00007ffcc4300000 	c:\Users\akash sen\.vscode\extensions\redhat.java-1.43.1-win32-x64\jre\21.0.7-win32-x86_64\bin\verify.dll
0x00007ffc9ec60000 - 0x00007ffc9eca5000 	C:\Users\akash sen\AppData\Roaming\Code\User\globalStorage\redhat.java\1.43.1\config_win\org.eclipse.equinox.launcher\org.eclipse.equinox.launcher.win32.win32.x86_64_1.2.1300.v20250331-1702\eclipse_11911.dll
0x00007ffccc600000 - 0x00007ffccc72b000 	C:\WINDOWS\System32\ole32.dll
0x00007ffccb1d0000 - 0x00007ffccb1e8000 	C:\WINDOWS\SYSTEM32\CRYPTSP.dll
0x00007ffcca870000 - 0x00007ffcca8a8000 	C:\WINDOWS\system32\rsaenh.dll
0x00007ffccb7b0000 - 0x00007ffccb7de000 	C:\WINDOWS\SYSTEM32\USERENV.dll
0x00007ffccb1f0000 - 0x00007ffccb1fc000 	C:\WINDOWS\SYSTEM32\CRYPTBASE.dll
0x00007ffccacc0000 - 0x00007ffccacfb000 	C:\WINDOWS\SYSTEM32\IPHLPAPI.DLL
0x00007ffccd760000 - 0x00007ffccd768000 	C:\WINDOWS\System32\NSI.dll
0x00007ffc9e910000 - 0x00007ffc9e959000 	C:\Users\akash sen\AppData\Local\Temp\jna-1850697800\jna2387690693909339972.dll
0x00007ffccc250000 - 0x00007ffccc258000 	C:\WINDOWS\System32\PSAPI.DLL
0x00007ffcc24a0000 - 0x00007ffcc24b7000 	C:\WINDOWS\SYSTEM32\dhcpcsvc6.DLL
0x00007ffcc2120000 - 0x00007ffcc213d000 	C:\WINDOWS\SYSTEM32\dhcpcsvc.DLL
0x00007ffccab50000 - 0x00007ffccab83000 	C:\WINDOWS\SYSTEM32\ntmarta.dll

dbghelp: loaded successfully - version: 4.0.5 - missing functions: none
symbol engine: initialized successfully - sym options: 0x614 - pdb path: .;c:\Users\akash sen\.vscode\extensions\redhat.java-1.43.1-win32-x64\jre\21.0.7-win32-x86_64\bin;C:\WINDOWS\SYSTEM32;C:\WINDOWS\WinSxS\amd64_microsoft.windows.common-controls_6595b64144ccf1df_6.0.19041.5915_none_60b4b9d171f9c7c7;c:\Users\akash sen\.vscode\extensions\redhat.java-1.43.1-win32-x64\jre\21.0.7-win32-x86_64\bin\server;C:\Users\akash sen\AppData\Roaming\Code\User\globalStorage\redhat.java\1.43.1\config_win\org.eclipse.equinox.launcher\org.eclipse.equinox.launcher.win32.win32.x86_64_1.2.1300.v20250331-1702;C:\Users\akash sen\AppData\Local\Temp\jna-1850697800

VM Arguments:
jvm_args: --add-modules=ALL-SYSTEM --add-opens=java.base/java.util=ALL-UNNAMED --add-opens=java.base/java.lang=ALL-UNNAMED --add-opens=java.base/sun.nio.fs=ALL-UNNAMED -Declipse.application=org.eclipse.jdt.ls.core.id1 -Dosgi.bundles.defaultStartLevel=4 -Declipse.product=org.eclipse.jdt.ls.core.product -Djava.import.generatesMetadataFilesAtProjectRoot=false -DDetectVMInstallationsJob.disabled=true -Dfile.encoding=utf8 -XX:+UseParallelGC -XX:GCTimeRatio=4 -XX:AdaptiveSizePolicyWeight=90 -Dsun.zip.disableMemoryMapping=true -Xmx2G -Xms100m -Xlog:disable -javaagent:c:\Users\akash sen\.vscode\extensions\redhat.java-1.43.1-win32-x64\lombok\lombok-1.18.39-4050.jar -XX:+HeapDumpOnOutOfMemoryError -XX:HeapDumpPath=c:\Users\akash sen\AppData\Roaming\Code\User\workspaceStorage\9eed6be392607e9ccd44ab1b1a46ccb0\redhat.java -Daether.dependencyCollector.impl=bf 
java_command: c:\Users\akash sen\.vscode\extensions\redhat.java-1.43.1-win32-x64\server\plugins\org.eclipse.equinox.launcher_1.7.0.v20250519-0528.jar -configuration c:\Users\akash sen\AppData\Roaming\Code\User\globalStorage\redhat.java\1.43.1\config_win -data c:\Users\akash sen\AppData\Roaming\Code\User\workspaceStorage\9eed6be392607e9ccd44ab1b1a46ccb0\redhat.java\jdt_ws --pipe=\\.\pipe\lsp-194184399a615f1b9c825048d5368161-sock
java_class_path (initial): c:\Users\akash sen\.vscode\extensions\redhat.java-1.43.1-win32-x64\server\plugins\org.eclipse.equinox.launcher_1.7.0.v20250519-0528.jar
Launcher Type: SUN_STANDARD

[Global flags]
    uintx AdaptiveSizePolicyWeight                 = 90                                        {product} {command line}
     intx CICompilerCount                          = 3                                         {product} {ergonomic}
    uintx GCTimeRatio                              = 4                                         {product} {command line}
     bool HeapDumpOnOutOfMemoryError               = true                                   {manageable} {command line}
    ccstr HeapDumpPath                             = c:\Users\akash sen\AppData\Roaming\Code\User\workspaceStorage\9eed6be392607e9ccd44ab1b1a46ccb0\redhat.java         {manageable} {command line}
   size_t InitialHeapSize                          = 104857600                                 {product} {command line}
   size_t MaxHeapSize                              = 2147483648                                {product} {command line}
   size_t MaxNewSize                               = 715653120                                 {product} {ergonomic}
   size_t MinHeapDeltaBytes                        = 524288                                    {product} {ergonomic}
   size_t MinHeapSize                              = 104857600                                 {product} {command line}
   size_t NewSize                                  = 34603008                                  {product} {ergonomic}
    uintx NonNMethodCodeHeapSize                   = 5832780                                {pd product} {ergonomic}
    uintx NonProfiledCodeHeapSize                  = 122912730                              {pd product} {ergonomic}
   size_t OldSize                                  = 70254592                                  {product} {ergonomic}
    uintx ProfiledCodeHeapSize                     = 122912730                              {pd product} {ergonomic}
    uintx ReservedCodeCacheSize                    = 251658240                              {pd product} {ergonomic}
     bool SegmentedCodeCache                       = true                                      {product} {ergonomic}
   size_t SoftMaxHeapSize                          = 2147483648                             {manageable} {ergonomic}
     bool UseCompressedOops                        = true                           {product lp64_product} {ergonomic}
     bool UseLargePagesIndividualAllocation        = false                                  {pd product} {ergonomic}
     bool UseParallelGC                            = true                                      {product} {command line}

Logging:
Log output configuration:
 #0: stdout all=off uptime,level,tags foldmultilines=false
 #1: stderr all=off uptime,level,tags foldmultilines=false

Environment Variables:
JAVA_HOME=C:\Users\akash sen\AppData\Local\Programs\Eclipse Adoptium\jdk-17.0.7.7-hotspot\
PATH=C:\Python313\Scripts\;C:\Python313\;C:\Python312\Scripts\;C:\Python312\;C:\oraclexe\app\oracle\product\10.2.0\server\bin;C:\Program Files\Common Files\Oracle\Java\javapath;C:\WINDOWS\system32;C:\WINDOWS;C:\WINDOWS\System32\Wbem;C:\WINDOWS\System32\WindowsPowerShell\v1.0\;C:\WINDOWS\System32\OpenSSH\;C:\Program Files (x86)\Intel\Intel(R) Management Engine Components\DAL;C:\Program Files\Intel\Intel(R) Management Engine Components\DAL;C:\MinGW\bin;C:\Windows\System32\cmd.exe;C:\Users\akash sen\anaconda3\Scripts;C:\Users\akash sen\anaconda3\Lib\site-packages\bardapi;C:\Program Files\Git\cmd;C:\Users\akash sen\anaconda3\Lib;C:\Users\akash sen\anaconda3\bin;C:\Users\akash sen\anaconda3\Lib\site-packages;C:\ProgramData\chocolatey\bin;C:\nodejs\node_modules\npm\node_modules;C:\nodejs\node_modules;C:\Users\akash sen\AppData\Roaming\Python\Python312\Scripts;C:\Python312\Scripts\;C:\apache-maven-3.9.10\bin;C:\Program Files\nodejs\;C:\Program Files\Docker\Docker\resources\bin;C:\Program Files\MySQL\MySQL Shell 8.0\bin\;C:\Users\akash sen\AppData\Local\Programs\Eclipse Adoptium\jdk-17.0.7.7-hotspot\bin;C:\Users\akash sen\anaconda3;C:\Users\akash sen\anaconda3\Library\usr\bin;C:\Users\akash sen\anaconda3\Library\bin;C:\Users\akash sen\anaconda3\Scripts;C:\Users\akash sen\AppData\Local\Microsoft\WindowsApps;C:\Users\akash sen\AppData\Local\Programs\Microsoft VS Code\bin;C:\msys64\mingw-w64-v9.0.0;C:\MinGW\bin;C:\flutter\bin;C:\Users\akash sen\AppData\Local\GitHubDesktop\bin;C:\Users\akash sen\AppData\Roaming\Python\Python312\site-packages;C:\Users\akash sen\AppData\Roaming\npm
USERNAME=akash sen
OS=Windows_NT
PROCESSOR_IDENTIFIER=Intel64 Family 6 Model 142 Stepping 12, GenuineIntel
TMP=C:\Users\akash sen\AppData\Local\Temp
TEMP=C:\Users\akash sen\AppData\Local\Temp




Periodic native trim disabled

---------------  S Y S T E M  ---------------

OS:
 Windows 10 , 64 bit Build 19041 (10.0.19041.5915)
OS uptime: 3 days 1:46 hours
Hyper-V role detected

CPU: total 4 (initial active 4) (2 cores per cpu, 2 threads per core) family 6 model 142 stepping 12 microcode 0xb8, cx8, cmov, fxsr, ht, mmx, 3dnowpref, sse, sse2, sse3, ssse3, sse4.1, sse4.2, popcnt, lzcnt, tsc, tscinvbit, avx, avx2, aes, erms, clmul, bmi1, bmi2, adx, fma, vzeroupper, clflush, clflushopt, hv, rdtscp, f16c
Processor Information for processor 0
  Max Mhz: 2304, Current Mhz: 2103, Mhz Limit: 2096
Processor Information for processor 1
  Max Mhz: 2304, Current Mhz: 1402, Mhz Limit: 2096
Processor Information for processor 2
  Max Mhz: 2304, Current Mhz: 2103, Mhz Limit: 2096
Processor Information for processor 3
  Max Mhz: 2304, Current Mhz: 1402, Mhz Limit: 2096

Memory: 4k page, system-wide physical 3872M (79M free)
TotalPageFile size 15648M (AvailPageFile size 4M)
current process WorkingSet (physical memory assigned to process): 381M, peak: 469M
current process commit charge ("private bytes"): 657M, peak: 1662M

vm_info: OpenJDK 64-Bit Server VM (21.0.7+6-LTS) for windows-amd64 JRE (21.0.7+6-LTS), built on 2025-04-15T00:00:00Z by "admin" with MS VC++ 17.7 (VS2022)

END.
